CRSMEX0001 16.285000 -98.075000 3.7 2
CRSMEX0002 16.320000 -98.090000 3.2 2
CRSMEX0003 16.700000 -96.545000 4.0 2
CRSMEX0004 15.947000 -97.977000 3.5 3
CRSMEX0005 16.880000 -100.455000 3.8 2
CRSMEX0006 16.220000 -98.580000 3.5 2
CRSMEX0007 16.245000 -98.035000 3.5 2
CRSMEX0008 16.300000 -97.900000 3.3 2
CRSMEX0009 16.225000 -97.975000 3.5 2
CRSMEX0010 16.325000 -97.930000 3.5 2
CRSMEX0011 16.300000 -97.890000 3.5 2
CRSMEX0012 16.320000 -97.860000 3.6 3
CRSMEX0013 16.293000 -97.877000 3.8 3
CRSMEX0014 16.445000 -98.305000 3.8 2
CRSMEX0015 16.035000 -97.660000 3.5 2
CRSMEX0016 16.250000 -98.100000 3.6 3
CRSMEX0017 16.260000 -98.140000 3.4 2
CRSMEX0018 16.040000 -98.370000 3.5 2
CRSMEX0019 16.080000 -97.190000 3.5 2
CRSMEX0020 16.005000 -97.940000 3.2 2
CRSMEX0021 16.325000 -97.830000 3.6 2
CRSMEX0022 16.250000 -98.105000 3.5 2
CRSMEX0023 15.415000 -96.530000 3.8 2
CRSMEX0024 16.280000 -98.110000 3.7 2
CRSMEX0025 16.255000 -98.055000 3.6 2
CRSMEX0026 15.935000 -98.410000 3.5 2
CRSMEX0027 16.280000 -98.115000 3.6 2
CRSMEX0028 16.050000 -98.695000 3.5 2
CRSMEX0029 16.315000 -97.825000 3.7 2
CRSMEX0030 15.945000 -97.985000 3.5 2
CRSMEX0031 15.960000 -97.950000 3.5 2
CRSMEX0032 15.915000 -98.270000 3.6 2
CRSMEX0033 16.010000 -98.670000 3.8 2
CRSMEX0034 16.285000 -97.835000 3.5 2
CRSMEX0035 16.280000 -98.060000 3.5 2
CRSMEX0036 16.280000 -98.100000 3.6 2
CRSMEX0037 16.035000 -97.650000 3.5 2
CRSMEX0038 16.235000 -98.035000 3.5 2
CRSMEX0039 16.040000 -97.655000 3.7 2
CRSMEX0040 15.905000 -98.420000 3.8 2
CRSMEX0041 16.310000 -97.825000 3.7 2
CRSMEX0042 16.270000 -98.115000 3.6 2
CRSMEX0043 16.290000 -98.090000 3.6 2
CRSMEX0044 16.245000 -98.100000 3.7 2
CRSMEX0045 16.170000 -97.805000 3.5 2
CRSMEX0046 16.040000 -97.900000 3.5 2
CRSMEX0047 16.255000 -98.095000 3.4 2
CRSMEX0048 16.307000 -97.827000 3.6 3
CRSMEX0049 16.325000 -98.260000 3.9 2
CRSMEX0050 16.305000 -97.860000 3.1 2
CRSMEX0051 16.295000 -97.850000 3.3 2
CRSMEX0052 16.375000 -97.990000 3.8 2
CRSMEX0053 16.305000 -97.825000 3.6 2
CRSMEX0054 16.275000 -98.105000 3.7 2
CRSMEX0055 16.635000 -98.630000 3.5 2
CRSMEX0056 16.315000 -98.045000 3.6 2
CRSMEX0057 15.885000 -98.325000 3.5 2
CRSMEX0058 16.280000 -98.095000 3.7 2
CRSMEX0059 16.155000 -98.795000 3.8 2
CRSMEX0060 16.015000 -97.980000 3.7 2
CRSMEX0061 15.920000 -97.975000 3.5 2
CRSMEX0062 16.260000 -98.055000 3.3 2
CRSMEX0063 16.047000 -97.183000 3.6 3
CRSMEX0064 16.425000 -97.920000 3.7 2
CRSMEX0065 16.045000 -97.170000 3.7 2
CRSMEX0066 16.450000 -97.890000 3.3 2
CRSMEX0067 16.305000 -98.175000 3.4 2
CRSMEX0068 16.305000 -98.120000 3.3 2
CRSMEX0069 16.273000 -98.087000 3.5 3
CRSMEX0070 17.285000 -96.105000 4.0 2
CRSMEX0071 16.255000 -98.050000 3.7 2
CRSMEX0072 16.285000 -98.070000 3.5 2
CRSMEX0073 16.215000 -98.340000 3.4 2
CRSMEX0074 16.300000 -98.015000 3.5 2
CRSMEX0075 15.965000 -98.385000 3.5 2
CRSMEX0076 16.325000 -98.055000 3.5 2
CRSMEX0077 16.165000 -97.850000 3.3 2
CRSMEX0078 16.233000 -98.035000 3.4 4
CRSMEX0079 16.340000 -97.700000 3.4 2
CRSMEX0080 15.980000 -98.045000 3.6 2
CRSMEX0081 16.103000 -97.753000 3.9 3
CRSMEX0082 16.270000 -97.785000 3.1 2
CRSMEX0083 17.235000 -95.980000 3.9 2
CRSMEX0084 15.965000 -97.600000 3.5 2
CRSMEX0085 16.010000 -97.650000 3.5 2
CRSMEX0086 16.080000 -98.465000 3.7 2
CRSMEX0087 16.255000 -98.110000 3.5 2
CRSMEX0088 16.730000 -99.615000 3.5 2
CRSMEX0089 15.850000 -97.200000 3.4 2
CRSMEX0090 16.125000 -97.205000 3.7 2
CRSMEX0091 16.100000 -97.540000 3.4 2
CRSMEX0092 16.270000 -98.125000 3.7 2
CRSMEX0093 16.785000 -99.945000 3.6 2
CRSMEX0094 16.320000 -98.295000 3.6 2
CRSMEX0095 16.070000 -98.395000 3.7 2
CRSMEX0096 16.270000 -97.855000 3.5 2
CRSMEX0097 16.480000 -98.470000 3.5 2
CRSMEX0098 16.215000 -98.135000 3.5 2
CRSMEX0099 16.050000 -98.165000 3.5 2
CRSMEX0100 16.240000 -98.045000 3.2 2
CRSMEX0101 15.680000 -98.320000 3.5 2
CRSMEX0102 16.215000 -98.035000 3.5 2
CRSMEX0103 16.275000 -98.815000 3.6 2
CRSMEX0104 16.030000 -97.675000 3.7 2
CRSMEX0105 16.250000 -98.095000 3.6 2
CRSMEX0106 15.985000 -97.685000 3.8 2
CRSMEX0107 16.515000 -98.455000 3.6 2
CRSMEX0108 15.935000 -98.720000 3.7 2
CRSMEX0109 16.845000 -97.700000 3.8 2
CRSMEX0110 15.900000 -98.130000 3.6 2
CRSMEX0111 16.000000 -97.595000 3.7 2
CRSMEX0112 16.193000 -98.778000 3.6 4
CRSMEX0113 15.865000 -98.300000 3.3 2
CRSMEX0114 16.007000 -98.097000 3.6 3
CRSMEX0115 15.917000 -98.120000 3.8 3
CRSMEX0116 16.205000 -98.040000 3.6 2
CRSMEX0117 16.355000 -98.240000 3.5 2
CRSMEX0118 16.880000 -100.060000 3.7 2
CRSMEX0119 16.275000 -98.115000 3.4 2
CRSMEX0120 16.045000 -97.915000 3.5 2
CRSMEX0121 15.973000 -98.747000 3.8 3
CRSMEX0122 16.090000 -97.680000 3.6 2
CRSMEX0123 16.483000 -98.490000 3.6 3
CRSMEX0124 16.320000 -98.260000 3.2 2
CRSMEX0125 16.360000 -97.935000 3.6 2
CRSMEX0126 16.365000 -98.235000 3.5 2
CRSMEX0127 15.935000 -98.870000 3.7 2
CRSMEX0128 16.010000 -98.400000 3.6 2
CRSMEX0129 15.988000 -97.647000 3.4 4
CRSMEX0130 17.000000 -100.755000 3.6 2
CRSMEX0131 16.275000 -98.100000 3.7 2
CRSMEX0132 15.945000 -98.480000 3.7 2
CRSMEX0133 16.015000 -98.895000 3.8 2
CRSMEX0134 16.290000 -98.015000 3.5 2
CRSMEX0135 15.840000 -98.262000 3.6 4
CRSMEX0136 16.255000 -98.080000 3.8 2
CRSMEX0137 16.050000 -97.655000 3.4 2
CRSMEX0138 16.085000 -97.810000 3.3 2
CRSMEX0139 15.860000 -98.795000 3.8 2
CRSMEX0140 16.085000 -97.660000 3.5 2
CRSMEX0141 16.575000 -100.425000 4.2 2
CRSMEX0142 16.390000 -97.975000 3.7 2
CRSMEX0143 16.010000 -98.705000 3.8 2
CRSMEX0144 15.985000 -98.700000 3.6 2
CRSMEX0145 16.210000 -99.210000 3.8 2
CRSMEX0146 15.960000 -98.660000 3.5 2
CRSMEX0147 16.140000 -99.255000 3.8 2
CRSMEX0148 15.940000 -98.243000 3.4 3
CRSMEX0149 16.030000 -98.410000 3.5 2
CRSMEX0150 16.042000 -98.485000 3.3 4
CRSMEX0151 15.980000 -98.865000 4.2 2
CRSMEX0152 15.685000 -97.895000 3.8 2
CRSMEX0153 16.350000 -99.390000 3.9 2
CRSMEX0154 16.315000 -97.855000 3.4 2
CRSMEX0155 16.045000 -98.665000 3.8 2
CRSMEX0156 15.936000 -98.254000 3.6 7
CRSMEX0157 16.853000 -100.283000 3.4 3
CRSMEX0158 16.007000 -98.257000 3.6 3
CRSMEX0159 15.810000 -98.305000 4.0 2
CRSMEX0160 16.330000 -98.115000 3.4 2
CRSMEX0161 15.895000 -98.870000 4.0 2
CRSMEX0162 17.255000 -101.125000 3.8 2
CRSMEX0163 16.105000 -98.270000 3.7 2
CRSMEX0164 15.915000 -98.445000 3.3 2
CRSMEX0165 16.130000 -97.505000 3.8 2
CRSMEX0166 15.880000 -98.740000 3.8 2
CRSMEX0167 16.245000 -98.030000 3.4 2
CRSMEX0168 15.903000 -98.407000 3.5 3
CRSMEX0169 16.020000 -97.667000 3.5 3
CRSMEX0170 16.070000 -98.440000 3.7 2
CRSMEX0171 15.700000 -97.380000 3.7 2
CRSMEX0172 15.955000 -98.680000 3.5 2
CRSMEX0173 16.005000 -97.680000 3.8 2
CRSMEX0174 16.020000 -97.570000 3.9 2
CRSMEX0175 16.023000 -98.357000 3.5 3
CRSMEX0176 15.990000 -97.625000 3.8 2
CRSMEX0177 16.010000 -97.665000 3.8 2
CRSMEX0178 15.625000 -97.885000 3.8 2
CRSMEX0179 16.585000 -98.635000 3.8 2
CRSMEX0180 17.460000 -101.510000 3.7 2
CRSMEX0181 16.280000 -98.060000 3.5 2
CRSMEX0182 16.515000 -99.050000 3.7 2
CRSMEX0183 16.365000 -98.235000 3.5 2
CRSMEX0184 15.977000 -98.050000 3.8 3
CRSMEX0185 16.020000 -98.650000 3.7 2
CRSMEX0186 15.925000 -98.475000 3.6 2
CRSMEX0187 16.000000 -98.500000 3.8 2
CRSMEX0188 16.520000 -98.500000 3.6 2
CRSMEX0189 17.015000 -101.540000 4.0 2
CRSMEX0190 16.035000 -98.465000 3.7 2
CRSMEX0191 16.750000 -99.980000 3.8 2
CRSMEX0192 16.040000 -97.580000 3.7 2
CRSMEX0193 16.080000 -98.150000 3.6 2
CRSMEX0194 15.960000 -98.695000 3.7 2
CRSMEX0195 16.285000 -98.265000 3.7 2
CRSMEX0196 16.850000 -100.075000 3.8 2
CRSMEX0197 16.530000 -100.520000 3.8 2
CRSMEX0198 17.130000 -101.557000 3.9 3
CRSMEX0199 16.270000 -97.990000 3.8 2
CRSMEX0200 16.010000 -98.520000 3.5 2
CRSMEX0201 16.080000 -98.650000 3.8 2
CRSMEX0202 15.830000 -98.475000 3.9 2
CRSMEX0203 16.070000 -98.355000 3.6 2
CRSMEX0204 15.915000 -98.685000 3.7 2
CRSMEX0205 16.200000 -98.370000 3.5 2
CRSMEX0206 16.765000 -101.000000 3.8 2
CRSMEX0207 16.900000 -100.263000 3.7 3
CRSMEX0208 15.980000 -98.565000 3.9 2
CRSMEX0209 15.905000 -98.445000 3.9 2
CRSMEX0210 16.495000 -98.455000 3.7 2
CRSMEX0211 16.240000 -98.030000 3.5 2
CRSMEX0212 15.950000 -98.800000 4.0 2
CRSMEX0213 16.270000 -97.955000 3.4 2
CRSMEX0214 16.090000 -97.685000 3.5 2
CRSMEX0215 16.410000 -98.060000 3.5 2
CRSMEX0216 16.225000 -98.355000 3.5 2
CRSMEX0217 17.135000 -101.450000 3.8 2
CRSMEX0218 15.920000 -98.423000 3.5 3
CRSMEX0219 15.960000 -98.595000 3.7 2
CRSMEX0220 16.035000 -97.667000 3.6 4
CRSMEX0221 16.025000 -98.695000 3.6 2
CRSMEX0222 16.045000 -98.695000 3.6 2
CRSMEX0223 16.005000 -98.740000 3.5 2
CRSMEX0224 15.975000 -98.675000 3.7 2
CRSMEX0225 16.010000 -98.695000 3.8 2
CRSMEX0226 16.353000 -98.937000 3.6 3
CRSMEX0227 16.583000 -98.733000 3.9 3
CRSMEX0228 16.230000 -98.040000 3.7 2
CRSMEX0229 16.080000 -98.865000 3.9 2
CRSMEX0230 16.055000 -98.425000 3.6 2
CRSMEX0231 16.120000 -98.405000 3.5 2
CRSMEX0232 15.960000 -98.310000 3.6 3
CRSMEX0233 15.983000 -98.720000 3.7 3
CRSMEX0234 16.280000 -98.115000 3.5 2
CRSMEX0235 15.938000 -98.338000 3.6 4
CRSMEX0236 16.240000 -97.840000 3.2 2
CRSMEX0237 16.030000 -98.995000 3.8 2
CRSMEX0238 16.050000 -97.575000 3.7 2
CRSMEX0239 16.294000 -98.234000 3.6 5
CRSMEX0240 16.230000 -98.060000 3.6 2
CRSMEX0241 16.015000 -97.970000 3.9 2
CRSMEX0242 16.520000 -98.465000 3.5 2
CRSMEX0243 16.915000 -100.335000 3.5 2
CRSMEX0244 17.295000 -101.465000 4.0 2
CRSMEX0245 17.075000 -100.645000 3.6 2
CRSMEX0246 16.980000 -100.480000 3.5 2
CRSMEX0247 16.025000 -97.670000 3.8 2
CRSMEX0248 16.025000 -97.668000 3.6 4
CRSMEX0249 16.315000 -98.270000 3.8 2
CRSMEX0250 16.140000 -99.190000 3.8 2
CRSMEX0251 16.830000 -100.127000 3.9 3
CRSMEX0252 16.075000 -98.635000 4.1 2
CRSMEX0253 16.300000 -98.170000 3.5 2
CRSMEX0254 16.330000 -98.250000 4.0 2
CRSMEX0255 15.995000 -98.450000 3.7 2
CRSMEX0256 15.957000 -98.140000 3.9 3
CRSMEX0257 16.055000 -98.415000 3.7 2
CRSMEX0258 16.275000 -98.015000 3.2 2
CRSMEX0259 16.262000 -98.032000 3.7 4
CRSMEX0260 16.265000 -98.355000 3.5 2
CRSMEX0261 16.005000 -98.685000 3.8 6
CRSMEX0262 17.090000 -101.495000 3.8 2
CRSMEX0263 17.215000 -101.485000 4.3 2
CRSMEX0264 16.355000 -98.295000 3.5 2
CRSMEX0265 15.997000 -97.680000 3.7 3
CRSMEX0266 16.275000 -97.905000 3.7 2
CRSMEX0267 15.935000 -98.135000 3.7 2
CRSMEX0268 16.255000 -97.990000 3.5 2
CRSMEX0269 16.300000 -97.885000 3.7 2
CRSMEX0270 16.100000 -97.495000 3.6 2
CRSMEX0271 16.510000 -99.540000 3.8 2
CRSMEX0272 15.990000 -98.610000 3.5 2
CRSMEX0273 16.290000 -98.225000 3.5 2
CRSMEX0274 16.213000 -99.130000 3.9 3
CRSMEX0275 16.023000 -98.415000 3.7 4
CRSMEX0276 15.995000 -98.470000 3.8 2
CRSMEX0277 16.015000 -98.620000 3.8 2
CRSMEX0278 16.065000 -98.635000 3.6 4
CRSMEX0279 17.220000 -101.610000 3.5 2
CRSMEX0280 15.763000 -98.377000 3.7 3
CRSMEX0281 16.315000 -98.990000 3.8 2
CRSMEX0282 17.150000 -101.375000 3.9 2
CRSMEX0283 16.945000 -101.535000 3.9 2
CRSMEX0284 16.243000 -98.367000 3.7 3
CRSMEX0285 16.012000 -97.667000 3.8 4
CRSMEX0286 16.310000 -98.050000 3.7 2
CRSMEX0287 15.903000 -98.717000 3.7 3
CRSMEX0288 15.590000 -97.377000 3.7 3
CRSMEX0289 17.155000 -101.395000 3.8 2
CRSMEX0290 15.940000 -98.620000 3.7 4
CRSMEX0291 16.920000 -100.385000 3.5 2
CRSMEX0292 17.323000 -101.280000 3.6 3
CRSMEX0293 15.775000 -97.125000 3.9 2
CRSMEX0294 16.260000 -98.125000 3.2 2
CRSMEX0295 17.010000 -101.460000 3.8 4
CRSMEX0296 15.655000 -97.365000 3.8 2
CRSMEX0297 15.570000 -97.390000 3.9 2
CRSMEX0298 15.845000 -97.260000 3.5 2
CRSMEX0299 17.250000 -101.325000 3.7 2
CRSMEX0300 15.925000 -97.280000 3.6 2
CRSMEX0301 17.190000 -101.360000 3.7 2
CRSMEX0302 16.790000 -100.390000 3.8 2
CRSMEX0303 15.725000 -97.125000 3.5 2
CRSMEX0304 16.515000 -100.430000 3.8 2
CRSMEX0305 15.986000 -98.404000 3.8 5
CRSMEX0306 16.067000 -98.425000 3.6 4
CRSMEX0307 15.920000 -98.325000 3.4 2
CRSMEX0308 15.990000 -98.720000 3.8 2
CRSMEX0309 15.975000 -98.400000 4.0 2
CRSMEX0310 16.355000 -98.305000 3.3 2
CRSMEX0311 15.935000 -98.410000 4.0 2
CRSMEX0312 15.990000 -97.595000 3.8 2
CRSMEX0313 16.025000 -98.445000 3.8 2
CRSMEX0314 15.970000 -98.805000 3.4 2
CRSMEX0315 16.285000 -98.280000 4.2 2
CRSMEX0316 16.030000 -98.620000 3.5 2
CRSMEX0317 15.880000 -98.835000 3.7 2
CRSMEX0318 15.965000 -98.388000 3.8 4
CRSMEX0319 16.975000 -100.510000 3.5 2
CRSMEX0320 15.970000 -98.585000 3.8 2
CRSMEX0321 16.083000 -98.613000 3.9 3
CRSMEX0322 16.020000 -98.625000 3.6 2
CRSMEX0323 15.990000 -98.615000 4.2 2
CRSMEX0324 16.050000 -97.660000 3.9 2
CRSMEX0325 16.445000 -99.540000 4.2 2
CRSMEX0326 16.020000 -98.690000 4.1 2
CRSMEX0327 15.890000 -98.350000 3.8 7
CRSMEX0328 16.265000 -98.085000 4.0 2
CRSMEX0329 16.095000 -98.370000 3.7 2
CRSMEX0330 15.930000 -98.270000 3.6 3
CRSMEX0331 15.873000 -98.753000 3.6 3
CRSMEX0332 15.985000 -98.305000 3.8 2
CRSMEX0333 16.070000 -98.895000 3.8 4
CRSMEX0334 15.973000 -98.640000 4.0 3
CRSMEX0335 16.050000 -98.370000 3.6 4
CRSMEX0336 16.015000 -98.665000 3.8 2
CRSMEX0337 16.100000 -98.465000 3.7 2
CRSMEX0338 16.155000 -98.785000 3.9 2
CRSMEX0339 15.930000 -98.445000 3.8 2
CRSMEX0340 16.005000 -98.435000 4.0 2
CRSMEX0341 16.380000 -98.025000 4.0 2
CRSMEX0342 15.980000 -98.147000 4.1 3
CRSMEX0343 15.915000 -98.110000 3.8 2
CRSMEX0344 16.080000 -98.427000 3.4 3
CRSMEX0345 15.961000 -98.806000 3.8 7
CRSMEX0346 16.050000 -98.315000 3.6 2
CRSMEX0347 15.941000 -98.269000 3.6 7
CRSMEX0348 16.030000 -98.370000 3.8 2
CRSMEX0349 16.100000 -99.205000 4.0 2
CRSMEX0350 15.857000 -98.760000 3.9 4
CRSMEX0351 16.005000 -98.355000 3.7 2
CRSMEX0352 15.995000 -98.815000 3.8 2
CRSMEX0353 16.093000 -98.310000 3.9 6
CRSMEX0354 16.280000 -98.090000 4.1 2
CRSMEX0355 16.010000 -98.400000 3.9 3
CRSMEX0356 16.019000 -98.652000 3.9 9
CRSMEX0357 16.237000 -98.270000 3.7 3
CRSMEX0358 16.043000 -98.367000 3.7 3
CRSMEX0359 16.015000 -98.655000 3.8 2
CRSMEX0360 16.240000 -98.045000 3.7 2
CRSMEX0361 15.950000 -98.717000 3.8 3
CRSMEX0362 16.023000 -98.660000 3.6 3
CRSMEX0363 16.000000 -98.644000 3.9 5
CRSMEX0364 15.967000 -98.443000 3.9 3
CRSMEX0365 16.183000 -98.730000 3.7 3
CRSMEX0366 15.976000 -98.478000 3.7 5
CRSMEX0367 15.838000 -98.392000 4.0 4
CRSMEX0368 15.955000 -98.348000 3.7 4
CRSMEX0369 16.390000 -98.250000 4.0 2
CRSMEX0370 16.015000 -98.410000 3.6 2
CRSMEX0371 16.005000 -98.395000 3.7 4
CRSMEX0372 15.985000 -98.425000 3.9 2
CRSMEX0373 16.320000 -99.640000 3.6 2
CRSMEX0374 16.330000 -98.030000 3.8 2
CRSMEX0375 16.110000 -98.455000 3.9 2
CRSMEX0376 16.115000 -98.470000 3.6 23
CRSMEX0377 16.135000 -98.450000 4.0 2
CRSMEX0378 16.013000 -98.487000 3.9 3
CRSMEX0379 16.287000 -98.630000 3.8 3
CRSMEX0380 16.087000 -98.247000 3.8 3
CRSMEX0381 16.215000 -98.435000 4.0 2
CRSMEX0382 16.015000 -97.680000 3.6 4
CRSMEX0383 16.925000 -100.920000 3.9 2
CRSMEX0384 17.080000 -101.455000 3.8 2
CRSMEX0385 17.040000 -101.520000 4.0 3
CRSMEX0386 16.700000 -99.547000 3.5 3
CRSMEX0387 16.895000 -100.375000 3.7 2
CRSMEX0388 16.670000 -100.965000 4.2 2
CRSMEX0389 16.887000 -100.260000 3.9 3
CRSMEX0390 17.135000 -101.125000 4.1 2
CRSMEX0391 17.125000 -101.165000 4.0 2
CRSMEX0392 16.890000 -100.305000 3.5 2
CRSMEX0393 17.010000 -101.585000 3.9 2
CRSMEX0394 16.450000 -99.123000 4.1 3
CRSMEX0395 16.520000 -100.400000 3.9 3
CRSMEX0396 16.690000 -99.680000 3.8 2
CRSMEX0397 16.390000 -100.955000 4.5 2
CRSMEX0398 17.645000 -101.575000 3.7 2
CRSMEX0399 16.770000 -100.125000 4.0 2
CRSMEX0400 15.885000 -96.990000 3.5 2
CRSMEX0401 17.323000 -101.360000 3.8 3
CRSMEX0402 16.593000 -100.433000 3.9 3
CRSMEX0403 16.985000 -100.500000 4.1 2
CRSMEX0404 16.253000 -98.269000 3.9 7
CRSMEX0405 17.045000 -100.495000 3.4 2
