Number of matrix files:  1211
Working on sequence_00003_N05. 3 out of 1211
Finding solution ...
Solution found.
[[ 10.657206   2.658266]
 [ 61.676723 -18.828918]
 [-31.730993 -81.86861 ]
 [ 75.904526 -31.920273]
 [-67.02751   93.592636]]
 
Working on sequence_00006_N06. 6 out of 1211
Finding solution ...
Solution found.
[[ 91.57838    26.650717 ]
 [ 15.186397  -74.58175  ]
 [-14.614054    3.1942253]
 [ 72.438484  -71.03442  ]
 [-99.85365    98.75805  ]
 [ 76.33526   -79.60975  ]]
 
Working on sequence_00007_N04. 7 out of 1211
Finding solution ...
Solution found.
[[-27.35626   -42.730328 ]
 [  8.741387   43.57454  ]
 [ 28.547907  -40.74001  ]
 [ -4.5363765  42.000504 ]]
 
Working on sequence_00012_N08. 12 out of 1211
Finding solution ...
Solution found.
[[-81.2217     47.536545 ]
 [  4.3806095  -4.4303913]
 [ 17.907423   31.190998 ]
 [-49.28588   -61.033413 ]
 [-30.977194   61.64833  ]
 [ 55.102062   57.3987   ]
 [ 18.339138  -27.75324  ]
 [ 41.535603  -61.394302 ]]
 
Working on sequence_00013_N05. 13 out of 1211
Finding solution ...
Solution found.
[[-21.56002   34.390087]
 [ 13.373393 -78.04649 ]
 [-45.42618  -29.146822]
 [ 42.722084 -83.0256  ]
 [ 22.716177  90.39564 ]]
 
Working on sequence_00015_N04. 15 out of 1211
Finding solution ...
Solution found.
[[ 38.403316  44.65073 ]
 [-32.65607   11.981462]
 [-47.732704 -22.74707 ]
 [ 37.63839  -42.865917]]
 
Working on sequence_00017_N06. 17 out of 1211
Finding solution ...
Solution found.
[[ 54.161034   70.215416 ]
 [ 23.164274   60.032135 ]
 [-46.20477    17.796717 ]
 [-55.486313  -56.87234  ]
 [ 12.9093685 -39.85845  ]
 [ 33.865944  -94.15686  ]]
 
Working on sequence_00018_N06. 18 out of 1211
Finding solution ...
Solution found.
[[-60.03166  -20.201122]
 [ 47.455784 -19.83201 ]
 [ 48.366955  15.946219]
 [ 16.655437  31.380024]
 [ 47.539925 -87.162605]
 [-65.5643    57.634216]]
 
Working on sequence_00021_N12. 21 out of 1211
Finding solution ...
Solution found.
[[-54.742023 -36.432205]
 [-81.10855    4.687398]
 [-19.488064 -52.994892]
 [ 23.546875 -21.770006]
 [-37.00284  -86.82031 ]
 [-99.29524   91.31774 ]
 [103.64925   55.253384]
 [-25.393421 -23.021027]
 [ 84.219666 -53.381973]
 [-98.20742  -56.712822]
 [-15.780366 -74.55429 ]
 [-68.23003   11.290415]]
 
Working on sequence_00022_N03. 22 out of 1211
Finding solution ...
Solution found.
[[-32.235607 -31.962948]
 [-22.740803 -22.606356]
 [ 29.408092  29.683794]]
 
Working on sequence_00024_N06. 24 out of 1211
Finding solution ...
Solution found.
[[ 29.959818  -7.54556 ]
 [-21.317877  71.45141 ]
 [ 52.207916  32.27858 ]
 [-23.252851 -53.424004]
 [-57.405144 -19.866953]
 [-32.91466   54.47437 ]]
 
Working on sequence_00026_N03. 26 out of 1211
Finding solution ...
Solution found.
[[-40.72384   16.612291]
 [ 14.650709 -43.472645]
 [ 50.031242  52.355026]]
 
Working on sequence_00028_N04. 28 out of 1211
Finding solution ...
Solution found.
[[ 12.892863  23.131632]
 [ 34.352135  26.632029]
 [-36.488785 -23.820679]
 [ 41.69137  -23.725773]]
 
Working on sequence_00029_N04. 29 out of 1211
Finding solution ...
Solution found.
[[-32.624508  33.03215 ]
 [-23.993355  25.245073]
 [ 20.872946 -20.724966]
 [ 33.49033  -32.770485]]
 
Working on sequence_00031_N07. 31 out of 1211
Finding solution ...
Solution found.
[[ -17.446568  104.44185 ]
 [  49.356037   83.967834]
 [ -92.09393   -72.96873 ]
 [ -48.986496  -55.854477]
 [ -98.05611    13.335589]
 [-101.61994   -27.641954]
 [ 104.84634   -99.076294]]
 
Working on sequence_00032_N05. 32 out of 1211
Finding solution ...
Solution found.
[[  42.641296  -76.49874 ]
 [ -44.266212   65.25106 ]
 [-101.620285  -75.62034 ]
 [  62.08962    85.471985]
 [  78.9002     17.38615 ]]
 
Working on sequence_00036_N04. 36 out of 1211
Finding solution ...
Solution found.
[[ 15.722578  15.471984]
 [  6.936501   3.907986]
 [-42.19792   36.44346 ]
 [ 35.063576 -43.518593]]
 
Working on sequence_00040_N12. 40 out of 1211
Finding solution ...
Solution found.
[[ 30.521454  -69.750275 ]
 [ 27.990484  -41.191837 ]
 [101.77514   102.10742  ]
 [ -7.7265916  46.25609  ]
 [ -8.388839   43.426407 ]
 [-87.06012    20.835361 ]
 [104.38652   102.943375 ]
 [-79.78969   -41.303223 ]
 [-19.454288  -82.13893  ]
 [-57.337048   19.86421  ]
 [-86.119446  -84.499664 ]
 [  1.7443526 -80.17971  ]]
 
Working on sequence_00041_N03. 41 out of 1211
Finding solution ...
Solution found.
[[ 10.387994  -29.743002 ]
 [-32.90946    34.95554  ]
 [ 27.372568   -6.5337605]]
 
Working on sequence_00043_N05. 43 out of 1211
Finding solution ...
Solution found.
[[-58.00706   -9.501987]
 [ 79.55956  -97.64166 ]
 [ 72.2103   101.65685 ]
 [-66.72215   70.96676 ]
 [-39.643993  91.5341  ]]
 
Working on sequence_00045_N09. 45 out of 1211
Finding solution ...
Solution found.
[[ 17.800562   67.2129   ]
 [ -2.6300256 -79.47236  ]
 [ 36.699383  -18.973007 ]
 [-48.072453   78.31302  ]
 [ 33.815235   17.869324 ]
 [ 79.55593   -94.49704  ]
 [ 26.383694   42.781574 ]
 [-83.24528    93.06232  ]
 [ 27.423914   35.791946 ]]
 
Working on sequence_00046_N03. 46 out of 1211
Finding solution ...
Solution found.
[[ 38.03958   31.508114]
 [-31.889084  16.07984 ]
 [ 18.572275 -24.875685]]
 
Working on sequence_00048_N03. 48 out of 1211
Finding solution ...
Solution found.
[[-36.122868  37.514324]
 [ 32.10492  -30.885317]
 [-17.006622  17.666037]]
 
Working on sequence_00051_N04. 51 out of 1211
Finding solution ...
Solution found.
[[ -8.84549  -30.8776  ]
 [-13.217243  25.873688]
 [-36.840603 -23.10703 ]
 [ 24.311516 -11.153138]]
 
Working on sequence_00052_N07. 52 out of 1211
Finding solution ...
Solution found.
[[-53.36052    55.182434 ]
 [-34.29428    19.204031 ]
 [-46.54951   -45.587837 ]
 [ -1.1153    -47.378708 ]
 [ 66.93222    -7.6979723]
 [ 22.78978    42.646877 ]
 [-63.955074  -47.44655  ]]
 
Working on sequence_00054_N08. 54 out of 1211
Finding solution ...
Solution found.
[[103.87771   84.929   ]
 [ 11.132882 -81.16196 ]
 [ 77.713196 -26.076899]
 [-62.88635   48.427227]
 [ 49.04357  -13.330957]
 [ 51.436764 -11.420231]
 [-87.9768    27.83478 ]
 [ 10.018965 -71.41947 ]]
 
Working on sequence_00055_N08. 55 out of 1211
Finding solution ...
Solution found.
[[ 56.532963    31.389168  ]
 [ 80.99895    -40.128777  ]
 [  1.5598946   54.632687  ]
 [-33.204292   -11.435369  ]
 [ 37.17725    -43.322845  ]
 [ -0.16022952 -52.25437   ]
 [-71.58763     53.41332   ]
 [-30.302666    17.817411  ]]
 
Working on sequence_00059_N03. 59 out of 1211
Finding solution ...
Solution found.
[[-58.604927 -58.76055 ]
 [-64.819786 -64.99116 ]
 [ 64.12067   63.99261 ]]
 
Working on sequence_00062_N03. 62 out of 1211
Finding solution ...
Solution found.
[[-20.87605  -21.502897]
 [ 24.810642  35.522743]
 [ 17.625156 -38.78062 ]]
 
Working on sequence_00065_N03. 65 out of 1211
Finding solution ...
Solution found.
[[-36.284393 -27.565384]
 [-32.401653  31.466936]
 [ 35.57734  -32.772755]]
 
Working on sequence_00066_N04. 66 out of 1211
Finding solution ...
Solution found.
[[-63.657757  59.277905]
 [ 21.18884  -28.093842]
 [ 60.582977  20.273119]
 [ 18.93668  -24.421011]]
 
Working on sequence_00069_N03. 69 out of 1211
Finding solution ...
Solution found.
[[ 38.978725   38.78923  ]
 [-32.073666  -32.173813 ]
 [ 13.513231   13.9622345]]
 
Working on sequence_00078_N03. 78 out of 1211
Finding solution ...
Solution found.
[[  8.473631  54.215446]
 [ 33.233067 -62.303043]
 [-18.357523 -19.75933 ]]
 
Working on sequence_00079_N03. 79 out of 1211
Finding solution ...
Solution found.
[[ 34.9497     34.926678 ]
 [-28.875658  -29.00834  ]
 [ 15.992347   15.4443865]]
 
Working on sequence_00080_N03. 80 out of 1211
Finding solution ...
Solution found.
[[ 32.952526  30.44804 ]
 [-33.808495  20.22234 ]
 [-28.892265 -26.660883]]
 
Working on sequence_00081_N03. 81 out of 1211
Finding solution ...
Solution found.
[[ 21.52721  -20.544216]
 [  8.568514  -7.667904]
 [-16.927168  17.666162]]
 
Working on sequence_00083_N03. 83 out of 1211
Finding solution ...
Solution found.
[[ 98.69298   -93.46132  ]
 [-92.553894   98.79675  ]
 [  3.0695448   2.6677167]]
 
Working on sequence_00084_N04. 84 out of 1211
Finding solution ...
Solution found.
[[ -79.02463    35.82625 ]
 [  22.664782 -101.067116]
 [  95.0368    104.63935 ]
 [  82.42307   104.3813  ]]
 
Working on sequence_00086_N03. 86 out of 1211
Finding solution ...
Solution found.
[[ -7.02317    -7.1412134]
 [-10.770608  -10.903842 ]
 [ 10.893808   10.848315 ]]
 
Working on sequence_00087_N04. 87 out of 1211
Finding solution ...
Solution found.
[[  0.62981135  13.59696   ]
 [ 38.833786    32.987484  ]
 [-39.13183    -51.440678  ]
 [-16.9129      48.294586  ]]
 
Working on sequence_00091_N05. 91 out of 1211
Finding solution ...
Solution found.
[[ 17.565647   -2.0045154]
 [ 22.123285   75.61204  ]
 [-60.875534  -30.684278 ]
 [ 19.643269  -50.10844  ]
 [ 21.931238   50.293438 ]]
 
Working on sequence_00094_N03. 94 out of 1211
Finding solution ...
Solution found.
[[ 30.04943   42.869007]
 [-36.845463  41.421486]
 [ 41.612896 -41.07847 ]]
 
Working on sequence_00103_N04. 103 out of 1211
Finding solution ...
Solution found.
[[ 57.82722  -16.906744]
 [-65.170204  58.284874]
 [ 37.03374  -56.550953]
 [ 50.85715    5.139176]]
 
Working on sequence_00104_N03. 104 out of 1211
Finding solution ...
Solution found.
[[-19.105883  20.495165]
 [-18.432732  19.315865]
 [ 34.58407  -33.463764]]
 
Working on sequence_00108_N03. 108 out of 1211
Finding solution ...
Solution found.
[[ 27.598978  35.048016]
 [ 12.063346  84.63129 ]
 [-50.21658  -71.9473  ]]
 
Working on sequence_00109_N08. 109 out of 1211
Finding solution ...
Solution found.
[[ 46.71886   23.866327]
 [  9.05993   93.19783 ]
 [ 75.1384   -71.77244 ]
 [-52.172802  49.657467]
 [-29.896652 -13.27969 ]
 [ 39.367855 -56.09588 ]
 [-21.425137  11.980603]
 [-54.59414   49.18167 ]]
 
Working on sequence_00110_N08. 110 out of 1211
Finding solution ...
Solution found.
[[-20.109537   17.445572 ]
 [-58.829044  -13.959897 ]
 [-98.71596   -62.01779  ]
 [ -8.742342  -78.75874  ]
 [-58.9342     73.51906  ]
 [ 99.40232   102.9612   ]
 [ -3.9295828  47.989784 ]
 [-56.06921    50.669456 ]]
 
Working on sequence_00119_N03. 119 out of 1211
Finding solution ...
Solution found.
[[ -0.23618789  28.859226  ]
 [ 54.20721     15.242847  ]
 [-59.699192   -47.8027    ]]
 
Working on sequence_00120_N03. 120 out of 1211
Finding solution ...
Solution found.
[[-31.212454 -31.204369]
 [-30.033937 -29.836937]
 [ 31.042421  31.146986]]
 
Working on sequence_00124_N03. 124 out of 1211
Finding solution ...
Solution found.
[[ 18.684412  22.444782]
 [-27.719221 -21.384579]
 [  7.386947 -13.145026]]
 
Working on sequence_00125_N05. 125 out of 1211
Finding solution ...
Solution found.
[[ -2.6965919  57.884624 ]
 [ 37.941544   15.723924 ]
 [-49.976555   10.382712 ]
 [  8.131124  -51.474308 ]
 [ -8.491135  -44.10145  ]]
 
Working on sequence_00128_N04. 128 out of 1211
Finding solution ...
Solution found.
[[-60.59342  -58.90528 ]
 [ 62.948746 -45.75251 ]
 [ 76.45435   49.56547 ]
 [ 29.297949  63.21859 ]]
 
Working on sequence_00129_N03. 129 out of 1211
Finding solution ...
Solution found.
[[ -8.872138   9.652386]
 [-24.278461  25.20111 ]
 [ 20.874298 -20.366745]]
 
Working on sequence_00133_N03. 133 out of 1211
Finding solution ...
Solution found.
[[-46.245815 -46.747295]
 [ 41.662937  41.08898 ]
 [-23.89699  -24.633144]]
 
Working on sequence_00135_N03. 135 out of 1211
Finding solution ...
Solution found.
[[ -35.488102  -76.26668 ]
 [  90.19289    30.286327]
 [-103.24253    94.8153  ]]
 
Working on sequence_00137_N03. 137 out of 1211
Finding solution ...
Solution found.
[[ 14.107636   -7.5030117]
 [-26.188871  -22.335487 ]
 [ 28.562511   33.879074 ]]
 
Working on sequence_00138_N03. 138 out of 1211
Finding solution ...
Solution found.
[[-18.783815 -24.17406 ]
 [ 34.913708 -40.06714 ]
 [-40.108784  35.81879 ]]
 
Working on sequence_00140_N03. 140 out of 1211
Finding solution ...
Solution found.
[[ 53.15483  -18.25254 ]
 [-58.024487  47.897865]
 [  3.705205 -26.237125]]
 
Working on sequence_00142_N03. 142 out of 1211
Finding solution ...
Solution found.
[[ 22.650625 -21.894077]
 [-21.353966  22.319595]
 [ 21.952848 -20.767275]]
 
Working on sequence_00143_N03. 143 out of 1211
Finding solution ...
Solution found.
[[ 17.50296  -18.61047 ]
 [ 15.216434 -11.312376]
 [-16.513311  17.32258 ]]
 
Working on sequence_00145_N03. 145 out of 1211
Finding solution ...
Solution found.
[[ 64.014465 -62.690228]
 [-39.526115  40.909813]
 [-35.758503  37.06872 ]]
 
Working on sequence_00147_N03. 147 out of 1211
Finding solution ...
Solution found.
[[-21.233128 -21.336342]
 [ 28.02626   28.144438]
 [-30.458467 -30.226942]]
 
Working on sequence_00150_N03. 150 out of 1211
Finding solution ...
Solution found.
[[-36.519325 -10.584453]
 [ 11.030621  39.166504]
 [ 45.170727 -44.679016]]
 
Working on sequence_00156_N03. 156 out of 1211
Finding solution ...
Solution found.
[[ 40.77062    8.79702 ]
 [-14.480425 -10.275429]
 [-46.700737  18.245087]]
 
Working on sequence_00157_N05. 157 out of 1211
Finding solution ...
Solution found.
[[ -3.6706753  81.163414 ]
 [ 18.77792   -42.129623 ]
 [-60.81429   -24.14079  ]
 [ 53.873676   34.059353 ]
 [  7.390348  -61.839256 ]]
 
Working on sequence_00160_N04. 160 out of 1211
Finding solution ...
Solution found.
[[ 54.67698   48.00461 ]
 [ 36.7499   -40.579567]
 [-44.465626  26.443499]
 [ 20.549404 -37.883144]]
 
Working on sequence_00163_N03. 163 out of 1211
Finding solution ...
Solution found.
[[-55.744823  57.125538]
 [-65.66078   67.10728 ]
 [ 63.560596 -62.1325  ]]
 
Working on sequence_00165_N03. 165 out of 1211
Finding solution ...
Solution found.
[[ 12.512073 -21.753262]
 [ 32.778694  28.590338]
 [-26.627956   9.792341]]
 
Working on sequence_00171_N03. 171 out of 1211
Finding solution ...
Solution found.
[[-25.2531    38.27689 ]
 [ 21.953491 -21.666607]
 [-13.225256 -42.432045]]
 
Working on sequence_00172_N06. 172 out of 1211
Finding solution ...
Solution found.
[[-29.97568   -19.798265 ]
 [ 20.285093   23.647545 ]
 [ 58.766228  -29.306444 ]
 [ 58.257114   97.8762   ]
 [ 15.3034315 -82.98775  ]
 [-79.112434   75.07008  ]]
 
Working on sequence_00173_N03. 173 out of 1211
Finding solution ...
Solution found.
[[  8.325825  14.895481]
 [-10.073887 -40.498833]
 [ -9.542554  48.929375]]
 
Working on sequence_00174_N06. 174 out of 1211
Finding solution ...
Solution found.
[[ -34.940536    67.46792  ]
 [ -54.154964   -63.511234 ]
 [ 103.950386     1.5894256]
 [-101.45005    -94.9211   ]
 [  87.01206     73.45235  ]
 [  16.274591    15.139763 ]]
 
Working on sequence_00176_N10. 176 out of 1211
Finding solution ...
Solution found.
[[  64.60861      8.643246 ]
 [ -93.4425     -55.460804 ]
 [   9.119192    -1.2813238]
 [ -14.124225   -50.17809  ]
 [ -50.172672    35.51233  ]
 [  72.90304     33.253387 ]
 [ -25.11814    103.78021  ]
 [ 104.99778   -102.788605 ]
 [ -92.00802    -17.933777 ]
 [ -55.07695     34.836597 ]]
 
Working on sequence_00177_N03. 177 out of 1211
Finding solution ...
Solution found.
[[104.361885    3.2771833]
 [-89.260605  -64.85238  ]
 [ 46.78824    44.08664  ]]
 
Working on sequence_00178_N03. 178 out of 1211
Finding solution ...
Solution found.
[[-26.509232 -26.464819]
 [-22.912733 -22.960543]
 [ 25.81743   25.819666]]
 
Working on sequence_00179_N04. 179 out of 1211
Finding solution ...
Solution found.
[[ 20.4693    18.826635]
 [-13.550462 -10.371027]
 [-31.399296 -32.598183]
 [ 32.002136  31.96751 ]]
 
Working on sequence_00181_N03. 181 out of 1211
Finding solution ...
Solution found.
[[ 13.893005  14.626161]
 [-25.58915  -25.761137]
 [ 31.175537  30.78018 ]]
 
Working on sequence_00184_N04. 184 out of 1211
Finding solution ...
Solution found.
[[-17.258322 -41.686584]
 [ 44.961987  20.714022]
 [-40.53583   29.420103]
 [-23.004204  34.4472  ]]
 
Working on sequence_00187_N03. 187 out of 1211
Finding solution ...
Solution found.
[[-39.936073  17.465588]
 [ 21.674372 -25.162806]
 [ 47.101673  32.92576 ]]
 
Working on sequence_00188_N03. 188 out of 1211
Finding solution ...
Solution found.
[[-44.900337  37.387505]
 [ 43.276527  38.128796]
 [-36.832783 -36.624405]]
 
Working on sequence_00191_N07. 191 out of 1211
Finding solution ...
Solution found.
[[ -2.5343292   -0.28420293]
 [ 29.263483   -83.64679   ]
 [ -1.9131501  -12.457146  ]
 [-38.98049     51.924053  ]
 [-47.904953   -26.811491  ]
 [-12.198598   -27.22213   ]
 [ 60.968605    14.687155  ]]
 
Working on sequence_00193_N03. 193 out of 1211
Finding solution ...
Solution found.
[[ 39.671257 -38.857796]
 [-37.48229   38.222584]
 [ 36.02804  -35.303253]]
 
Working on sequence_00194_N03. 194 out of 1211
Finding solution ...
Solution found.
[[ 33.941387    3.5770054]
 [-28.282671   18.634974 ]
 [ 13.994605  -11.675045 ]]
 
Working on sequence_00198_N03. 198 out of 1211
Finding solution ...
Solution found.
[[ 15.980045 -27.195412]
 [-25.81375  -16.912062]
 [ 26.852297  44.14188 ]]
 
Working on sequence_00203_N04. 203 out of 1211
Finding solution ...
Solution found.
[[-34.64362   -32.987064 ]
 [ 28.625963   35.160877 ]
 [ 21.286797    7.4201365]
 [ 21.143019   22.680569 ]]
 
Working on sequence_00205_N03. 205 out of 1211
Finding solution ...
Solution found.
[[ 18.186417  50.67704 ]
 [-30.789131 -23.636278]
 [ 41.819477 -57.46068 ]]
 
Working on sequence_00206_N04. 206 out of 1211
Finding solution ...
Solution found.
[[ 24.658518  42.198402]
 [-30.283653  19.779907]
 [-12.061434   8.707248]
 [ 35.498325 -40.716003]]
 
Working on sequence_00207_N03. 207 out of 1211
Finding solution ...
Solution found.
[[-28.48187    9.344528]
 [ 34.114487  29.49527 ]
 [ 12.263426 -22.022251]]
 
Working on sequence_00208_N03. 208 out of 1211
Finding solution ...
Solution found.
[[ 15.467011   14.219762 ]
 [ 20.069407    1.4218248]
 [-17.523287  -16.693634 ]]
 
Working on sequence_00210_N05. 210 out of 1211
Finding solution ...
Solution found.
[[-73.15198  -65.12172 ]
 [ 47.86885   36.189487]
 [ 11.243672  56.249573]
 [ 48.62521   78.4375  ]
 [ 67.22536  -20.200605]]
 
Working on sequence_00212_N15. 212 out of 1211
Finding solution ...
Solution found.
[[ -15.677621   38.883778]
 [ 102.60583   -94.15488 ]
 [ -35.239235 -103.84938 ]
 [  -4.624958   17.913445]
 [ -33.9089     70.82889 ]
 [  23.553982  -10.528846]
 [ -28.556768  -61.40264 ]
 [  26.532246  -76.23605 ]
 [-103.32017   104.19915 ]
 [  23.09963  -103.52778 ]
 [  58.28411   -73.8609  ]
 [  97.31672    -9.462772]
 [  62.15764   -97.33692 ]
 [-101.94259   102.648994]
 [ -65.47771    67.92147 ]]
 
Working on sequence_00213_N03. 213 out of 1211
Finding solution ...
Solution found.
[[ -2.869261 -60.43584 ]
 [ 28.382652  20.510761]
 [-45.887688  71.41426 ]]
 
Working on sequence_00217_N03. 217 out of 1211
Finding solution ...
Solution found.
[[-78.32184  -71.744156]
 [ 14.869402  52.324818]
 [ 72.040115  29.067846]]
 
Working on sequence_00218_N03. 218 out of 1211
Finding solution ...
Solution found.
[[ 68.85034   -58.66564  ]
 [-70.126015   71.01077  ]
 [ 72.27229    -4.9246097]]
 
Working on sequence_00219_N03. 219 out of 1211
Finding solution ...
Solution found.
[[-28.51907   29.691463]
 [ 29.799006 -28.521217]
 [-28.432049  29.89195 ]]
 
Working on sequence_00220_N05. 220 out of 1211
Finding solution ...
Solution found.
[[-33.84633   -68.10037  ]
 [ 54.45011   -81.043144 ]
 [ 11.398686   60.56702  ]
 [ -7.5808315 -19.175232 ]
 [-35.26273    90.35771  ]]
 
Working on sequence_00221_N03. 221 out of 1211
Finding solution ...
Solution found.
[[ 48.716576  46.800087]
 [-41.80492  -11.314241]
 [ -6.724334 -36.232315]]
 
Working on sequence_00222_N04. 222 out of 1211
Finding solution ...
Solution found.
[[-37.94644   -25.233793 ]
 [-12.103028  -16.68952  ]
 [ 41.124016  -60.28272  ]
 [  7.9224563  49.5387   ]]
 
Working on sequence_00224_N04. 224 out of 1211
Finding solution ...
Solution found.
[[-12.308295  -14.697553 ]
 [-29.44605    -9.334908 ]
 [ 27.719437  -14.291117 ]
 [  6.4438453  27.864525 ]]
 
Working on sequence_00226_N03. 226 out of 1211
Finding solution ...
Solution found.
[[ 102.67934   100.302986]
 [ -96.853775  -84.28534 ]
 [-103.97437    31.876423]]
 
Working on sequence_00227_N03. 227 out of 1211
Finding solution ...
Solution found.
[[-25.203629 -25.145552]
 [ 22.961023  15.308439]
 [ 16.115408  24.16013 ]]
 
Working on sequence_00230_N03. 230 out of 1211
Finding solution ...
Solution found.
[[ 32.279915  89.37722 ]
 [  9.063561   5.693546]
 [-14.152784 -77.990135]]
 
Working on sequence_00231_N03. 231 out of 1211
Finding solution ...
Solution found.
[[ 52.71098   49.029   ]
 [-44.786186 -52.359753]
 [ 24.24042  -42.12891 ]]
 
Working on sequence_00232_N03. 232 out of 1211
Finding solution ...
Solution found.
[[ 38.033707 -33.69381 ]
 [-32.952602  44.067722]
 [-40.081974 -47.113834]]
 
Working on sequence_00235_N03. 235 out of 1211
Finding solution ...
Solution found.
[[ -26.32136 -104.06563]
 [ -77.61788   94.80272]
 [  65.47969  -68.1961 ]]
 
Working on sequence_00236_N03. 236 out of 1211
Finding solution ...
Solution found.
[[ 35.66466   19.894077]
 [-48.26006  -51.107956]
 [ 29.442932  48.372223]]
 
Working on sequence_00238_N05. 238 out of 1211
Finding solution ...
Solution found.
[[ 18.68231    55.545456 ]
 [-45.675095   44.20974  ]
 [-19.312971  -28.891825 ]
 [ 49.395035   -2.8726819]
 [-15.501639  -25.412802 ]]
 
Working on sequence_00241_N03. 241 out of 1211
Finding solution ...
Solution found.
[[-26.95048   29.209036]
 [-18.510366 -24.512278]
 [ 24.986858  20.102217]]
 
Working on sequence_00247_N05. 247 out of 1211
Finding solution ...
Solution found.
[[-41.97761  -37.819225]
 [ 31.65134   50.611923]
 [ 59.073547  75.04295 ]
 [-15.657366 -38.34589 ]
 [-35.205074  27.895653]]
 
Working on sequence_00251_N07. 251 out of 1211
Finding solution ...
Solution found.
[[-28.690014   49.669365 ]
 [-62.360134  -22.3856   ]
 [-16.936062    4.4264917]
 [ 55.682446   26.330582 ]
 [ 53.55838   -35.87264  ]
 [ 10.235683  -19.832666 ]
 [-17.098232  -21.462002 ]]
 
Working on sequence_00253_N03. 253 out of 1211
Finding solution ...
Solution found.
[[-34.496387   5.383849]
 [ 30.972322  21.06544 ]
 [-14.904098 -13.913257]]
 
Working on sequence_00254_N03. 254 out of 1211
Finding solution ...
Solution found.
[[-49.6228    11.479828]
 [ 58.308296  49.915752]
 [ 17.772972 -37.272404]]
 
Working on sequence_00255_N03. 255 out of 1211
Finding solution ...
Solution found.
[[ 56.435795    8.830687 ]
 [-64.06396   -29.896791 ]
 [ -9.6524105  10.520243 ]]
 
Working on sequence_00256_N05. 256 out of 1211
Finding solution ...
Solution found.
[[-66.69837   46.98395 ]
 [ 32.729576  34.091   ]
 [ 41.3274   -59.977013]
 [  4.449867 -32.71923 ]
 [ 27.900621  47.416504]]
 
Working on sequence_00259_N03. 259 out of 1211
Finding solution ...
Solution found.
[[-59.147526  62.44281 ]
 [ 11.378546 -54.19147 ]
 [ 47.68009   -5.231642]]
 
Working on sequence_00263_N03. 263 out of 1211
Finding solution ...
Solution found.
[[ 34.143463 -33.362488]
 [-34.774704  35.576313]
 [-31.418598  32.300026]]
 
Working on sequence_00271_N04. 271 out of 1211
Finding solution ...
Solution found.
[[-19.602343   20.495241 ]
 [ -3.6034572 -49.366367 ]
 [ 30.185904  -11.917486 ]
 [-48.266953   10.996749 ]]
 
Working on sequence_00274_N11. 274 out of 1211
Finding solution ...
Solution found.
[[  87.00241  -101.46142 ]
 [-102.921425  -65.36278 ]
 [-101.242516   77.553635]
 [  32.299885  -36.455376]
 [-102.98086  -101.53635 ]
 [ 103.56032   -94.872635]
 [ 104.65401  -103.616615]
 [ 104.57294   104.04512 ]
 [ 102.34551   104.139175]
 [ -93.263504   81.28142 ]
 [  12.640779  -11.567091]]
 
Working on sequence_00276_N03. 276 out of 1211
Finding solution ...
Solution found.
[[-31.118511 -31.322346]
 [ 37.9875    37.76866 ]
 [ 16.551292  16.552017]]
 
Working on sequence_00277_N06. 277 out of 1211
Finding solution ...
Solution found.
[[-78.01686  -22.985386]
 [ 20.195337  40.603966]
 [-30.149292 -15.317804]
 [-11.115079  28.829077]
 [ 36.945606 -12.948011]
 [ 56.919464 -13.921197]]
 
Working on sequence_00278_N06. 278 out of 1211
Finding solution ...
Solution found.
[[-18.047997    74.11409   ]
 [-40.012794    73.03305   ]
 [ 82.46726    -69.6407    ]
 [-67.64233     -3.414271  ]
 [  0.52050984  24.320868  ]
 [ 14.128444   -45.90408   ]]
 
Working on sequence_00284_N03. 284 out of 1211
Finding solution ...
Solution found.
[[-52.165928 -54.139748]
 [ 21.503315  49.62944 ]
 [ 42.43419   15.519616]]
 
Working on sequence_00286_N04. 286 out of 1211
Finding solution ...
Solution found.
[[ 33.361687   33.173756 ]
 [ -3.8974485 -22.594925 ]
 [-26.92838    11.759265 ]
 [-11.881069  -25.183815 ]]
 
Working on sequence_00287_N06. 287 out of 1211
Finding solution ...
Solution found.
[[102.744576 -79.18924 ]
 [-96.57555  -85.12615 ]
 [ 61.43561   41.67653 ]
 [-66.50581  -53.624737]
 [-20.03417   82.561424]
 [ 44.384556  47.757854]]
 
Working on sequence_00289_N04. 289 out of 1211
Finding solution ...
Solution found.
[[ 101.36069    92.52144 ]
 [ -91.793594 -100.59617 ]
 [ -95.6989     97.09805 ]
 [  52.292072  -50.829647]]
 
Working on sequence_00291_N05. 291 out of 1211
Finding solution ...
Solution found.
[[ 64.204025  -12.3180065]
 [ 19.984835   23.91873  ]
 [-58.55799   -30.354555 ]
 [ 10.796226   42.1038   ]
 [ -5.4867105  12.6847315]]
 
Working on sequence_00293_N04. 293 out of 1211
Finding solution ...
Solution found.
[[-13.317009 -35.672012]
 [  5.859662 -36.84148 ]
 [ 34.858032  33.213806]
 [-43.925865  60.787533]]
 
Working on sequence_00294_N03. 294 out of 1211
Finding solution ...
Solution found.
[[ 76.646065 -75.77896 ]
 [-51.577145  52.381794]
 [-32.090134  32.90959 ]]
 
Working on sequence_00295_N03. 295 out of 1211
Finding solution ...
Solution found.
[[ 13.621663 -12.841932]
 [ 32.8437   -31.692585]
 [-26.108276  27.187876]]
 
Working on sequence_00298_N06. 298 out of 1211
Finding solution ...
Solution found.
[[ 18.170076  -20.37973  ]
 [ 57.80767   -77.761185 ]
 [-51.14248    43.974228 ]
 [-61.92876    78.99931  ]
 [-11.2804165 -34.19508  ]
 [ 38.953884   66.12846  ]]
 
Working on sequence_00301_N03. 301 out of 1211
Finding solution ...
Solution found.
[[ 61.083103  61.334423]
 [-45.813313 -45.613586]
 [-44.621235 -44.315742]]
 
Working on sequence_00302_N03. 302 out of 1211
Finding solution ...
Solution found.
[[ 75.63093   68.26808 ]
 [-81.819405   5.52656 ]
 [-58.769085 -55.12025 ]]
 
Working on sequence_00305_N03. 305 out of 1211
Finding solution ...
Solution found.
[[-54.09296    64.358406 ]
 [ 44.691536  -45.821465 ]
 [ -7.7029214 -70.557915 ]]
 
Working on sequence_00306_N04. 306 out of 1211
Finding solution ...
Solution found.
[[-42.849194   -2.6774588]
 [ 23.135717  -34.87042  ]
 [ 45.142227   46.60022  ]
 [-21.136824   46.836308 ]]
 
Working on sequence_00308_N05. 308 out of 1211
Finding solution ...
Solution found.
[[-18.845667  35.28501 ]
 [-38.796516  26.010935]
 [ 12.786592 -39.456436]
 [ 15.815193  -8.812664]
 [ 37.61907  -15.724237]]
 
Working on sequence_00309_N03. 309 out of 1211
Finding solution ...
Solution found.
[[ 29.75888   30.279476]
 [-29.925262 -29.410858]
 [-28.299934 -27.726673]]
 
Working on sequence_00310_N04. 310 out of 1211
Finding solution ...
Solution found.
[[ 44.121574  62.53805 ]
 [-41.706593   9.907512]
 [ 16.27792  -32.67425 ]
 [ 36.838177 -68.46972 ]]
 
Working on sequence_00312_N04. 312 out of 1211
Finding solution ...
Solution found.
[[  7.0290284  18.503391 ]
 [-59.382767  -18.80108  ]
 [ 53.72128   -43.31378  ]
 [ 16.711119   41.27399  ]]
 
Working on sequence_00313_N03. 313 out of 1211
Finding solution ...
Solution found.
[[ 43.608303 -46.96962 ]
 [-27.890142 -53.85969 ]
 [-48.136482  52.336975]]
 
Working on sequence_00314_N05. 314 out of 1211
Finding solution ...
Solution found.
[[-73.4554     68.694145 ]
 [ 71.11111   -47.07911  ]
 [ 19.540178    3.7875202]
 [ 38.20736   -59.413464 ]
 [-62.579365    3.363079 ]]
 
Working on sequence_00317_N03. 317 out of 1211
Finding solution ...
Solution found.
[[-20.103907  20.489153]
 [-39.432465 -13.062017]
 [ 35.467434 -22.877605]]
 
Working on sequence_00321_N08. 321 out of 1211
Finding solution ...
Solution found.
[[-46.48498  -74.54198 ]
 [ 50.029728 -17.507078]
 [-20.334028  10.999097]
 [-49.465076  79.32907 ]
 [-36.32814  -37.313095]
 [-30.457186  28.48858 ]
 [ 48.151745 -54.143085]
 [ 33.325436 -35.2488  ]]
 
Working on sequence_00324_N05. 324 out of 1211
Finding solution ...
Solution found.
[[ 36.878212 -76.635666]
 [-54.577545 -55.266068]
 [-51.116722 -28.48014 ]
 [-36.50857   11.257161]
 [ 72.43072   86.73051 ]]
 
Working on sequence_00328_N03. 328 out of 1211
Finding solution ...
Solution found.
[[-45.558758  47.136585]
 [ -9.109598   8.507206]
 [ 39.371185 -37.80987 ]]
 
Working on sequence_00337_N05. 337 out of 1211
Finding solution ...
Solution found.
[[ 42.599186 -69.29616 ]
 [-41.089912  22.907124]
 [ 34.17919   61.332188]
 [-11.527463 -61.24098 ]
 [-41.243393  41.018963]]
 
Working on sequence_00340_N06. 340 out of 1211
Finding solution ...
Solution found.
[[-28.677105  -12.575599 ]
 [ 43.55406    30.906986 ]
 [ -5.3994327  29.841198 ]
 [-17.248606    9.884008 ]
 [ 30.721708  -30.863964 ]
 [-31.84693   -31.05312  ]]
 
Working on sequence_00342_N03. 342 out of 1211
Finding solution ...
Solution found.
[[-27.319128  28.15404 ]
 [ 32.7639   -31.659208]
 [-33.696793  35.000492]]
 
Working on sequence_00344_N05. 344 out of 1211
Finding solution ...
Solution found.
[[ -1.2747637  22.840601 ]
 [-73.15674   -12.4780245]
 [ 54.60779   -30.507282 ]
 [ 29.34912   -53.258774 ]
 [-48.131912   52.21045  ]]
 
Working on sequence_00345_N04. 345 out of 1211
Finding solution ...
Solution found.
[[ 41.49229   32.35451 ]
 [-64.87544   -9.785968]
 [ 52.5514    32.423004]
 [ 13.637889 -37.64718 ]]
 
Working on sequence_00351_N03. 351 out of 1211
Finding solution ...
Solution found.
[[ 34.17673     5.1170154]
 [-28.400398   16.916155 ]
 [ 13.264441  -10.415832 ]]
 
Working on sequence_00357_N05. 357 out of 1211
Finding solution ...
Solution found.
[[ 17.74968  -13.588794]
 [ 69.03742   59.966072]
 [-48.136024 -41.209743]
 [ 57.23671   47.89973 ]
 [-77.88802  -15.15083 ]]
 
Working on sequence_00358_N03. 358 out of 1211
Finding solution ...
Solution found.
[[ -2.996239 -50.873375]
 [ 37.33287   12.53909 ]
 [-49.90615   59.42573 ]]
 
Working on sequence_00359_N04. 359 out of 1211
Finding solution ...
Solution found.
[[-43.236137   26.618624 ]
 [ -1.3221614  21.715376 ]
 [-65.73395   -11.497229 ]
 [ 64.16381   -49.950787 ]]
 
Working on sequence_00364_N06. 364 out of 1211
Finding solution ...
Solution found.
[[  30.912748   26.262203]
 [  42.665245  -55.760616]
 [ 102.090385  -20.75735 ]
 [-103.78995   105.015045]
 [  99.73331    50.69818 ]
 [ -23.314583 -102.440094]]
 
Working on sequence_00369_N04. 369 out of 1211
Finding solution ...
Solution found.
[[-59.62398   10.777293]
 [ 51.960865  37.024094]
 [-43.556004  29.406898]
 [-27.410366 -27.580189]]
 
Working on sequence_00371_N03. 371 out of 1211
Finding solution ...
Solution found.
[[ -5.2904534  39.71239  ]
 [-35.077686  -44.642914 ]
 [ 26.048904  -12.505269 ]]
 
Working on sequence_00373_N03. 373 out of 1211
Finding solution ...
Solution found.
[[ 51.030296  20.425274]
 [  9.949191  36.21212 ]
 [-55.327473 -50.505447]]
 
Working on sequence_00374_N03. 374 out of 1211
Finding solution ...
Solution found.
[[ -9.022816  17.692245]
 [-23.240881  14.795951]
 [ 26.188154 -23.958292]]
 
Working on sequence_00375_N08. 375 out of 1211
Finding solution ...
Solution found.
[[-11.275946 -59.059   ]
 [ 63.808125  40.36442 ]
 [-18.940582 -18.793005]
 [-48.63363  -45.34752 ]
 [-29.33824   32.970642]
 [ 59.53328  -28.121737]
 [ 37.68547   10.921864]
 [-50.133858  60.34203 ]]
 
Working on sequence_00378_N11. 378 out of 1211
Finding solution ...
Solution found.
[[ -42.95403  -100.96499 ]
 [  37.053036  -96.545395]
 [-101.790146   79.30825 ]
 [ -89.71906    97.92733 ]
 [  73.33283    93.754684]
 [ -36.97636   104.17178 ]
 [ 103.63334   -65.10119 ]
 [-102.62596   -77.29946 ]
 [  85.63349    77.657524]
 [ 102.33115  -101.19776 ]
 [  56.63287   -29.604929]]
 
Working on sequence_00382_N07. 382 out of 1211
Finding solution ...
Solution found.
[[-41.48506   30.36912 ]
 [-94.86326  -64.07972 ]
 [ 52.669643 -51.8467  ]
 [-39.39484   73.464516]
 [-96.6374   -35.581238]
 [105.05977  -72.338455]
 [102.39478   70.67704 ]]
 
Working on sequence_00385_N03. 385 out of 1211
Finding solution ...
Solution found.
[[ 28.499355  28.03743 ]
 [ -9.217312  -9.466218]
 [-32.423798 -32.91655 ]]
 
Working on sequence_00391_N03. 391 out of 1211
Finding solution ...
Solution found.
[[ 18.331179 -17.387087]
 [-19.558506  20.25611 ]
 [-12.774678  13.972348]]
 
Working on sequence_00394_N03. 394 out of 1211
Finding solution ...
Solution found.
[[ 12.964325  44.233665]
 [ 32.196556 -38.120144]
 [-25.501326  28.417685]]
 
Working on sequence_00395_N03. 395 out of 1211
Finding solution ...
Solution found.
[[ 49.30029  -48.083088]
 [-72.968666  74.164444]
 [ 53.244194 -52.017216]]
 
Working on sequence_00396_N03. 396 out of 1211
Finding solution ...
Solution found.
[[ 93.82273  -93.01373 ]
 [-90.11221   90.91677 ]
 [-94.9535    95.763275]]
 
Working on sequence_00397_N04. 397 out of 1211
Finding solution ...
Solution found.
[[ 46.235046  53.945107]
 [ 19.790335 -29.337444]
 [-35.127018  11.000451]
 [ 15.103211 -27.272707]]
 
Working on sequence_00398_N04. 398 out of 1211
Finding solution ...
Solution found.
[[-21.740269 -50.7568  ]
 [-31.682158  35.139996]
 [ 33.1208    28.279034]
 [ 78.17503   28.80058 ]]
 
Working on sequence_00402_N03. 402 out of 1211
Finding solution ...
Solution found.
[[-52.141766  23.746191]
 [ 61.562798  14.134831]
 [ 21.847202 -16.715666]]
 
Working on sequence_00403_N04. 403 out of 1211
Finding solution ...
Solution found.
[[ 45.678097   14.9995575]
 [  9.68356     4.581236 ]
 [-47.958008   61.25979  ]
 [ -7.1053066 -65.34257  ]]
 
Working on sequence_00411_N03. 411 out of 1211
Finding solution ...
Solution found.
[[  3.2400925 -24.714315 ]
 [-37.25843    35.468475 ]
 [ 33.67374    -7.9201503]]
 
Working on sequence_00413_N03. 413 out of 1211
Finding solution ...
Solution found.
[[-38.51938   20.86092 ]
 [ 18.288946 -15.169069]
 [ 45.77854   12.720345]]
 
Working on sequence_00414_N03. 414 out of 1211
Finding solution ...
Solution found.
[[-31.07399  -31.083128]
 [ 16.341951  15.657657]
 [ 22.025866  22.392124]]
 
Working on sequence_00415_N04. 415 out of 1211
Finding solution ...
Solution found.
[[-38.06505   11.169931]
 [ 24.3069   -22.626467]
 [ 46.475292 -44.583866]
 [ -7.002154  36.845047]]
 
Working on sequence_00416_N03. 416 out of 1211
Finding solution ...
Solution found.
[[ 27.927828 -40.670403]
 [-33.415882  29.588266]
 [ 38.593872  47.063828]]
 
Working on sequence_00417_N04. 417 out of 1211
Finding solution ...
Solution found.
[[ 15.49551   35.399185]
 [  3.128747   8.179309]
 [-25.33856   -9.49934 ]
 [ 29.98431  -34.20867 ]]
 
Working on sequence_00418_N03. 418 out of 1211
Finding solution ...
Solution found.
[[ -1.0712337  30.898235 ]
 [ 22.387068  -34.92657  ]
 [-10.60662    -7.773723 ]]
 
Working on sequence_00420_N12. 420 out of 1211
Finding solution ...
Solution found.
[[ 60.847218   58.95027  ]
 [ 27.880909  -76.362    ]
 [-38.81209     0.9187624]
 [ -7.295987   50.961906 ]
 [ 52.899662  -43.723907 ]
 [ 30.068552   41.37719  ]
 [ 20.98293    10.057779 ]
 [-25.279121  -48.2615   ]
 [ 57.836887   -8.525832 ]
 [ -5.81481   -33.721794 ]
 [-41.953247   32.541054 ]
 [-92.10122    19.879904 ]]
 
Working on sequence_00421_N04. 421 out of 1211
Finding solution ...
Solution found.
[[-33.74458   -9.801057]
 [ 25.909138  25.271824]
 [-14.217305 -27.933512]
 [-23.495216  28.499582]]
 
Working on sequence_00422_N03. 422 out of 1211
Finding solution ...
Solution found.
[[-24.52002     38.173725  ]
 [ -0.17670204 -43.24505   ]
 [ 16.063028   -17.109213  ]]
 
Working on sequence_00423_N04. 423 out of 1211
Finding solution ...
Solution found.
[[ 39.406612  -36.287117 ]
 [  7.365524   40.517017 ]
 [-37.702454   49.824776 ]
 [-12.570474  -14.9702215]]
 
Working on sequence_00424_N03. 424 out of 1211
Finding solution ...
Solution found.
[[ 48.5023   -37.251213]
 [-40.852654  -5.614508]
 [ 14.334706  26.874321]]
 
Working on sequence_00425_N08. 425 out of 1211
Finding solution ...
Solution found.
[[ 42.745495 -56.264145]
 [-51.383934  -4.861033]
 [ 31.709002  37.635883]
 [-33.229557  20.225735]
 [-39.452328  49.085   ]
 [-13.410779 -68.45437 ]
 [ 37.509293  17.109232]
 [ 36.243137 -29.371803]]
 
Working on sequence_00427_N03. 426 out of 1211
Finding solution ...
Solution found.
[[ 49.308002 -30.983032]
 [-41.723454 -19.765581]
 [ 24.192892  26.390879]]
 
Working on sequence_00428_N03. 427 out of 1211
Finding solution ...
Solution found.
[[ 21.475895 -20.29295 ]
 [-15.799279  15.142662]
 [-22.264769  24.42006 ]]
 
Working on sequence_00430_N04. 429 out of 1211
Finding solution ...
Solution found.
[[ 49.779217   -8.535922 ]
 [ 45.14815    47.703625 ]
 [ 49.81407     6.1163683]
 [-59.34492   -55.32052  ]]
 
Working on sequence_00436_N04. 435 out of 1211
Finding solution ...
Solution found.
[[-32.287884 -30.636469]
 [-15.846898 -21.569292]
 [  9.075544  16.084517]
 [ 33.83271   32.191395]]
 
Working on sequence_00438_N04. 437 out of 1211
Finding solution ...
Solution found.
[[ 12.435478  -34.16886  ]
 [  1.4525859 -36.73265  ]
 [ 28.572718   39.645985 ]
 [-43.505062   50.019928 ]]
 
Working on sequence_00439_N04. 438 out of 1211
Finding solution ...
Solution found.
[[-27.66808   -22.049248 ]
 [ 52.13503     5.9424562]
 [-63.67309    61.971302 ]
 [-15.545498  -33.089863 ]]
 
Working on sequence_00440_N05. 439 out of 1211
Finding solution ...
Solution found.
[[ 61.719254 -60.578003]
 [-50.64297   51.834545]
 [-40.52217   41.691147]
 [ 69.159454 -67.97197 ]
 [-32.5571    33.703663]]
 
Working on sequence_00441_N03. 440 out of 1211
Finding solution ...
Solution found.
[[ 14.404846  -20.609726 ]
 [ 53.878853   36.434788 ]
 [-45.608513    1.5684472]]
 
Working on sequence_00443_N03. 442 out of 1211
Finding solution ...
Solution found.
[[ 18.129654  18.647354]
 [ 26.208794  26.506985]
 [-22.935312 -22.566696]]
 
Working on sequence_00444_N04. 443 out of 1211
Finding solution ...
Solution found.
[[-46.87713   40.16181 ]
 [  9.984879 -18.112156]
 [ 29.559294 -46.61445 ]
 [ 52.498764 -12.077865]]
 
Working on sequence_00446_N04. 445 out of 1211
Finding solution ...
Solution found.
[[ 52.674397    2.4277415]
 [-58.336903   51.613907 ]
 [ -6.6865273 -13.994474 ]
 [ 49.424957  -62.74152  ]]
 
Working on sequence_00449_N03. 448 out of 1211
Finding solution ...
Solution found.
[[ 40.390724  37.53633 ]
 [-44.101967 -47.35035 ]
 [-14.713991   8.990835]]
 
Working on sequence_00450_N03. 449 out of 1211
Finding solution ...
Solution found.
[[-22.30236  -21.840515]
 [ 31.050089  33.276745]
 [-10.696868 -37.672283]]
 
Working on sequence_00454_N03. 453 out of 1211
Finding solution ...
Solution found.
[[ 12.292423 -11.127026]
 [-36.765568  37.23511 ]
 [ 44.355824 -43.98157 ]]
 
Working on sequence_00457_N03. 456 out of 1211
Finding solution ...
Solution found.
[[ -2.10068  -31.537418]
 [ 14.23404  -14.283131]
 [-19.671928  28.129263]]
 
Working on sequence_00459_N03. 458 out of 1211
Finding solution ...
Solution found.
[[ 70.52188  -32.24856 ]
 [-62.175762 -45.822323]
 [ 43.20906   41.762638]]
 
Working on sequence_00463_N05. 462 out of 1211
Finding solution ...
Solution found.
[[ 42.016476  28.002474]
 [ 31.285292 -10.814425]
 [-24.76875   20.586876]
 [-25.426     50.60822 ]
 [-45.19159  -48.275368]]
 
Working on sequence_00467_N04. 466 out of 1211
Finding solution ...
Solution found.
[[ -83.396416  -21.483856]
 [  93.572395  -52.288113]
 [ -51.064426   82.72557 ]
 [-103.84795  -102.5112  ]]
 
Working on sequence_00468_N06. 467 out of 1211
Finding solution ...
Solution found.
[[ 38.236774  -33.059105 ]
 [  6.8417683 -25.893164 ]
 [ 33.022423   58.72943  ]
 [-22.2363     -4.376544 ]
 [-30.511856  -52.59213  ]
 [-30.990261    3.9068012]]
 
Working on sequence_00471_N04. 470 out of 1211
Finding solution ...
Solution found.
[[ 45.287037  44.416786]
 [-40.493637 -40.68098 ]
 [  4.383674   7.889891]
 [-13.118531 -15.424947]]
 
Working on sequence_00472_N03. 471 out of 1211
Finding solution ...
Solution found.
[[-11.5168   -58.690636]
 [ 32.405518  24.280706]
 [-45.81529   69.07582 ]]
 
Working on sequence_00475_N03. 474 out of 1211
Finding solution ...
Solution found.
[[-30.816034  39.785873]
 [ 28.370798  24.696207]
 [-22.320227 -34.38937 ]]
 
Working on sequence_00477_N04. 476 out of 1211
Finding solution ...
Solution found.
[[ 77.31007    72.538216 ]
 [-63.872066   31.02045  ]
 [ -2.2411997 -34.95135  ]
 [ -9.753498  -36.13773  ]]
 
Working on sequence_00486_N03. 485 out of 1211
Finding solution ...
Solution found.
[[  2.6953561  26.05405  ]
 [-26.416327   34.013214 ]
 [ 33.475708  -30.16006  ]]
 
Working on sequence_00489_N03. 488 out of 1211
Finding solution ...
Solution found.
[[ 27.407604 -27.214708]
 [-24.883272 -54.126717]
 [-27.536558  47.558792]]
 
Working on sequence_00490_N03. 489 out of 1211
Finding solution ...
Solution found.
[[ 12.070155   -3.4973683]
 [-24.545393   24.248325 ]
 [ 29.144053  -30.373247 ]]
 
Working on sequence_00495_N03. 494 out of 1211
Finding solution ...
Solution found.
[[ 35.028534  -33.990936 ]
 [-28.900833    2.3774524]
 [ -0.9889677  28.836954 ]]
 
Working on sequence_00499_N03. 498 out of 1211
Finding solution ...
Solution found.
[[-23.636927  21.121452]
 [ 28.495886  34.848164]
 [ 20.128986 -30.003983]]
 
Working on sequence_00500_N07. 499 out of 1211
Finding solution ...
Solution found.
[[   7.017216   -8.015907]
 [  55.650497  104.26813 ]
 [ -32.21975    91.80526 ]
 [ -97.46882  -102.72902 ]
 [  66.38243   -70.19286 ]
 [ -50.522644   48.279133]
 [  59.077705  -49.996338]]
 
Working on sequence_00502_N09. 501 out of 1211
Finding solution ...
Solution found.
[[ -6.6817317 -98.40853  ]
 [ 55.80528    52.463043 ]
 [ 61.308697   78.47224  ]
 [-51.52147   -56.46068  ]
 [-84.01355   -22.962482 ]
 [101.12272    88.28157  ]
 [-94.72351     3.244996 ]
 [-50.871277  -85.14769  ]
 [  2.1238701  39.667534 ]]
 
Working on sequence_00508_N03. 507 out of 1211
Finding solution ...
Solution found.
[[-38.92286  -38.84501 ]
 [-53.31663  -53.1048  ]
 [ 49.86753   49.945953]]
 
Working on sequence_00509_N03. 508 out of 1211
Finding solution ...
Solution found.
[[-68.83178  -71.62704 ]
 [ 16.229174  64.07781 ]
 [ 55.527393   9.82558 ]]
 
Working on sequence_00513_N03. 512 out of 1211
Finding solution ...
Solution found.
[[ 48.88714   52.200264]
 [-51.788147 -43.20526 ]
 [-42.12688   11.843718]]
 
Working on sequence_00519_N03. 518 out of 1211
Finding solution ...
Solution found.
[[ 55.698967 -33.293007]
 [-48.282326 -27.734472]
 [ 30.082579  31.01241 ]]
 
Working on sequence_00520_N03. 519 out of 1211
Finding solution ...
Solution found.
[[-45.741425 -47.14609 ]
 [-37.435207 -93.94522 ]
 [ 73.264244  83.03658 ]]
 
Working on sequence_00522_N03. 521 out of 1211
Finding solution ...
Solution found.
[[-40.642307  14.2375  ]
 [ 16.54256  -35.425888]
 [ 48.36026   45.095505]]
 
Working on sequence_00523_N03. 522 out of 1211
Finding solution ...
Solution found.
[[-33.333427  36.13767 ]
 [ 40.82408  -50.208138]
 [ 18.546196  56.980865]]
 
Working on sequence_00525_N03. 523 out of 1211
Finding solution ...
Solution found.
[[-31.416162  -48.892654 ]
 [ 13.234102   43.482113 ]
 [ 12.944015   -1.8769689]]
 
Working on sequence_00526_N05. 524 out of 1211
Finding solution ...
Solution found.
[[-46.77691    51.52413  ]
 [ 41.63954   -40.39428  ]
 [ 44.890675  -41.15     ]
 [ -5.870895   16.365604 ]
 [-23.845572    5.0687284]]
 
Working on sequence_00527_N03. 525 out of 1211
Finding solution ...
Solution found.
[[ 24.186937 -23.099306]
 [-24.163902  25.084167]
 [-21.979364  23.15348 ]]
 
Working on sequence_00528_N03. 526 out of 1211
Finding solution ...
Solution found.
[[-32.56301   31.633593]
 [ 33.60871  -32.598488]
 [-32.41417  -27.116522]]
 
Working on sequence_00530_N03. 528 out of 1211
Finding solution ...
Solution found.
[[ 23.963926  24.577883]
 [-21.711407 -21.668959]
 [ 19.695944  18.872864]]
 
Working on sequence_00531_N03. 529 out of 1211
Finding solution ...
Solution found.
[[-29.08581  -25.517473]
 [ 36.2433   -38.772854]
 [-39.351265  35.961636]]
 
Working on sequence_00532_N06. 530 out of 1211
Finding solution ...
Solution found.
[[ -7.4470315 -92.74994  ]
 [-44.391655   76.95482  ]
 [-72.34235   -40.63695  ]
 [-68.38125   -71.19518  ]
 [ 74.901505  100.52806  ]
 [ 88.69274    83.47075  ]]
 
Working on sequence_00534_N03. 532 out of 1211
Finding solution ...
Solution found.
[[ 14.396348    23.210918  ]
 [  0.57839495 -19.268217  ]
 [ -6.7252946    6.2156105 ]]
 
Working on sequence_00539_N03. 537 out of 1211
Finding solution ...
Solution found.
[[ 22.693592  24.227448]
 [-28.118656 -47.86524 ]
 [-12.323605  56.425438]]
 
Working on sequence_00541_N03. 539 out of 1211
Finding solution ...
Solution found.
[[ 31.882187  34.062088]
 [ 59.256145 -39.030262]
 [-51.389084 -28.659697]]
 
Working on sequence_00543_N03. 541 out of 1211
Finding solution ...
Solution found.
[[ -7.795508   9.696062]
 [-65.06878  -30.272064]
 [ 57.74384   11.338391]]
 
Working on sequence_00544_N03. 542 out of 1211
Finding solution ...
Solution found.
[[-32.720493 -12.515869]
 [ 38.096035  36.596832]
 [ -8.140194 -27.311705]]
 
Working on sequence_00545_N03. 543 out of 1211
Finding solution ...
Solution found.
[[-104.02799   -15.168895]
 [  97.094696   89.89877 ]
 [ -76.95047   -71.715645]]
 
Working on sequence_00547_N03. 545 out of 1211
Finding solution ...
Solution found.
[[-26.363094  26.355766]
 [ 48.421104 -27.794546]
 [-54.283512 -23.85361 ]]
 
Working on sequence_00550_N03. 548 out of 1211
Finding solution ...
Solution found.
[[ 20.623064  20.879263]
 [ 30.740822  31.126507]
 [-27.129858 -26.897596]]
 
Working on sequence_00554_N03. 552 out of 1211
Finding solution ...
Solution found.
[[ 40.69476  -23.905428]
 [ 16.341213  17.376453]
 [-33.715027 -10.2622  ]]
 
Working on sequence_00555_N03. 553 out of 1211
Finding solution ...
Solution found.
[[ 30.119581 -39.76456 ]
 [ 34.33092   44.77084 ]
 [-30.951742  30.518919]]
 
Working on sequence_00567_N03. 565 out of 1211
Finding solution ...
Solution found.
[[ 24.992851  24.962475]
 [-24.768381 -24.638643]
 [-22.880564 -23.133307]]
 
Working on sequence_00570_N03. 568 out of 1211
Finding solution ...
Solution found.
[[-24.03166  -22.13497 ]
 [ -9.753813  18.859777]
 [ 21.153635  -8.595006]]
 
Working on sequence_00574_N05. 572 out of 1211
Finding solution ...
Solution found.
[[ 60.14859   -40.089664 ]
 [ 28.493158    5.1814737]
 [  3.6098905  22.789085 ]
 [-50.55944    33.128757 ]
 [-47.256584   19.379759 ]]
 
Working on sequence_00576_N05. 574 out of 1211
Finding solution ...
Solution found.
[[ 47.024387 -89.491394]
 [-71.10578   65.99384 ]
 [ 57.574062 -54.315292]
 [ 43.705692 -23.621523]
 [-16.238047  24.374779]]
 
Working on sequence_00581_N03. 579 out of 1211
Finding solution ...
Solution found.
[[-12.791626 -29.156614]
 [-22.41071   34.622406]
 [ 18.338034  16.319983]]
 
Working on sequence_00582_N03. 580 out of 1211
Finding solution ...
Solution found.
[[-14.9979315  44.370014 ]
 [ 27.126276   29.002224 ]
 [-31.53585   -38.883636 ]]
 
Working on sequence_00607_N03. 605 out of 1211
Finding solution ...
Solution found.
[[-19.311451  32.39595 ]
 [ 19.59236   19.741701]
 [-18.764446 -27.381746]]
 
Working on sequence_00666_N03. 663 out of 1211
Finding solution ...
Solution found.
[[ 33.520763 -38.183777]
 [-25.97084  -14.292587]
 [ 11.856982  33.587517]]
 
Working on sequence_00703_N03. 700 out of 1211
Finding solution ...
Solution found.
[[  2.1034029 -23.984055 ]
 [ 37.320927   33.106724 ]
 [-29.171698  -37.090256 ]]
 
Working on sequence_00718_N03. 715 out of 1211
Finding solution ...
Solution found.
[[ 30.221186 -30.43763 ]
 [ 12.89605   -8.614509]
 [-25.042368  25.497526]]
 
Working on sequence_00719_N05. 716 out of 1211
Finding solution ...
Solution found.
[[  54.526787   54.319313]
 [-103.32009    30.151537]
 [  30.318516 -103.53977 ]
 [  99.494385   99.30469 ]
 [  91.45481    91.326355]]
 
Working on sequence_00728_N04. 725 out of 1211
Finding solution ...
Solution found.
[[ 30.039175    19.79415   ]
 [ 26.68273     28.276804  ]
 [ -0.13977312 -30.051495  ]
 [-38.176712    -6.9742546 ]]
 
Working on sequence_00743_N03. 740 out of 1211
Finding solution ...
Solution found.
[[-40.40431   41.19227 ]
 [ 45.428978 -44.731026]
 [ 30.817877 -30.039234]]
 
Working on sequence_00752_N03. 749 out of 1211
Finding solution ...
Solution found.
[[ 77.108086   77.996414 ]
 [-64.52587    -5.847039 ]
 [ -7.3240786 -65.67013  ]]
 
Working on sequence_00761_N05. 758 out of 1211
Finding solution ...
Solution found.
[[ 36.899517 -43.803272]
 [ 87.59527    1.783194]
 [ 96.52149   92.85665 ]
 [-85.79049   21.762344]
 [-97.598946 -84.92963 ]]
 
Working on sequence_00775_N03. 772 out of 1211
Finding solution ...
Solution found.
[[-23.888197 -23.834208]
 [ 23.534277  22.941816]
 [ 25.527945  26.054478]]
 
Working on sequence_00821_N05. 818 out of 1211
Finding solution ...
Solution found.
[[-42.401173  17.62033 ]
 [ 56.28156    6.213341]
 [-44.3718   -60.935806]
 [ 84.32248   45.767597]
 [-55.988922  15.971895]]
 
Working on sequence_00849_N03. 846 out of 1211
Finding solution ...
Solution found.
[[100.35534   11.126521]
 [ 34.096    -24.054676]
 [-84.92899   40.825787]]
 
Working on sequence_00855_N03. 852 out of 1211
Finding solution ...
Solution found.
[[ 30.431583  26.684698]
 [-25.312078 -24.679323]
 [-31.067577  22.671537]]
 
Working on sequence_00863_N03. 860 out of 1211
Finding solution ...
Solution found.
[[-45.411087   37.84374  ]
 [ -8.6505    -24.958021 ]
 [ 40.662193    1.0694171]]
 
Working on sequence_00864_N03. 861 out of 1211
Finding solution ...
Solution found.
[[-32.09677   -34.53011  ]
 [ 27.457037  -14.5382595]
 [-13.236297   30.770468 ]]
 
Working on sequence_00868_N03. 865 out of 1211
Finding solution ...
Solution found.
[[-45.054813   4.726365]
 [-32.7625    32.344357]
 [ 41.496063 -38.554558]]
 
Working on sequence_00873_N05. 870 out of 1211
Finding solution ...
Solution found.
[[-44.043915   -0.8713569]
 [ 38.644547  -58.15754  ]
 [ 24.853922  -13.241981 ]
 [-28.528532   37.222    ]
 [ 22.848063   19.862005 ]]
 
Working on sequence_00880_N03. 877 out of 1211
Finding solution ...
Solution found.
[[ 24.563807 -25.30021 ]
 [-47.77608   19.216908]
 [ 56.37853   34.084698]]
 
Working on sequence_00883_N05. 880 out of 1211
Finding solution ...
Solution found.
[[-25.678677  -24.467516 ]
 [-44.744385  -11.750135 ]
 [ 28.644674   12.140044 ]
 [ 20.310774  -34.52209  ]
 [  7.5755725  39.799297 ]]
 
Working on sequence_00891_N03. 888 out of 1211
Finding solution ...
Solution found.
[[ 23.803173 -22.91428 ]
 [-13.374172  13.09922 ]
 [-26.561314  27.737593]]
 
Working on sequence_00895_N03. 892 out of 1211
Finding solution ...
Solution found.
[[-23.515305  24.792025]
 [ 16.46831  -15.325191]
 [ 28.676006 -27.357592]]
 
Working on sequence_00897_N03. 894 out of 1211
Finding solution ...
Solution found.
[[ 91.41171  -27.986128]
 [ 43.755825 -46.372993]
 [-78.8266    68.31795 ]]
 
Working on sequence_00909_N08. 906 out of 1211
Finding solution ...
Solution found.
[[ -76.23964     95.49626  ]
 [ -49.614017    97.08778  ]
 [  48.784657    39.284657 ]
 [ -35.930897   -44.275974 ]
 [ -88.51022   -102.18776  ]
 [ 102.97576      9.100307 ]
 [  35.00584    -19.710325 ]
 [  -2.6093526  -72.79092  ]]
 
Working on sequence_00925_N03. 922 out of 1211
Finding solution ...
Solution found.
[[ 23.40035   -36.87963  ]
 [-11.278543   -8.438729 ]
 [ -0.5552434  32.923985 ]]
 
Working on sequence_00928_N05. 925 out of 1211
Finding solution ...
Solution found.
[[ 51.143715 -48.990463]
 [ 54.228867  -7.465132]
 [-58.226036  37.442154]
 [-20.341677   2.247483]
 [-50.22103   62.216278]]
 
Working on sequence_00932_N03. 929 out of 1211
Finding solution ...
Solution found.
[[-30.402054  31.168303]
 [ 32.504456 -31.607424]
 [ 30.178123 -29.380436]]
 
Working on sequence_00942_N03. 939 out of 1211
Finding solution ...
Solution found.
[[ 50.476986 -49.1953  ]
 [-45.417133  46.6211  ]
 [ 38.41662  -37.256287]]
 
Working on sequence_00953_N03. 950 out of 1211
Finding solution ...
Solution found.
[[ 48.824223    5.3463745]
 [ 18.171799  -81.53479  ]
 [-75.09149    93.37408  ]]
 
Working on sequence_00961_N05. 958 out of 1211
Finding solution ...
Solution found.
[[ 76.48462   71.31863 ]
 [ 46.006454  50.12362 ]
 [-66.497955 -64.14072 ]
 [-67.6249   -70.97246 ]
 [ 64.38453  -51.416477]]
 
Working on sequence_00965_N03. 962 out of 1211
Finding solution ...
Solution found.
[[-50.526352 -57.928192]
 [ 34.70189    5.515767]
 [ 18.314     53.00783 ]]
 
Working on sequence_00971_N03. 968 out of 1211
Finding solution ...
Solution found.
[[ 36.465393  36.204838]
 [-31.640453 -31.75082 ]
 [ 24.295975  24.40306 ]]
 
Working on sequence_00979_N05. 976 out of 1211
Finding solution ...
Solution found.
[[ 9.3309608e+01 -3.9005905e+01]
 [-8.8792694e+01  7.1791885e+01]
 [ 4.6403103e-02 -5.3160107e+01]
 [-8.0699272e+01  7.6200691e+01]
 [ 4.9153618e+01 -6.3627701e+01]]
 
Working on sequence_00986_N03. 983 out of 1211
Finding solution ...
Solution found.
[[ 34.44759     5.3570113]
 [-10.31138   -21.308239 ]
 [-38.043507   31.051414 ]]
 
Working on sequence_00989_N04. 986 out of 1211
Finding solution ...
Solution found.
[[-10.496696  89.06711 ]
 [-43.769207  23.200666]
 [-32.14142    9.931472]
 [ 73.227066 -86.78982 ]]
 
Working on sequence_00995_N03. 992 out of 1211
Finding solution ...
Solution found.
[[ 20.573141  20.989965]
 [-26.047266 -26.080383]
 [ 29.969896  29.710466]]
 
Working on sequence_00997_N08. 994 out of 1211
Finding solution ...
Solution found.
[[ -69.97213    -54.71054  ]
 [   7.5033545 -102.69163  ]
 [ -46.06273     51.23537  ]
 [-103.18928    -48.296608 ]
 [ -91.95632     11.65433  ]
 [ -83.263      -55.527203 ]
 [  69.60467     86.05512  ]
 [  96.89939    -75.079506 ]]
 
Working on sequence_01003_N04. 1000 out of 1211
Finding solution ...
Solution found.
[[-30.150118  32.447582]
 [ 21.497503 -48.736656]
 [-52.74383  -34.469765]
 [ 57.954777 -14.195365]]
 
Working on sequence_01004_N03. 1001 out of 1211
Finding solution ...
Solution found.
[[ 49.150753  -49.33132  ]
 [  3.3586006  42.795067 ]
 [-38.77915    -4.146951 ]]
 
Working on sequence_01010_N03. 1007 out of 1211
Finding solution ...
Solution found.
[[-35.781227  36.837067]
 [ 43.240887 -42.207493]
 [ 17.459244 -16.214554]]
 
Working on sequence_01014_N04. 1011 out of 1211
Finding solution ...
Solution found.
[[-56.65071   66.14132 ]
 [ 46.28801  -54.84636 ]
 [-55.51782   51.13159 ]
 [ 65.12114  -59.165974]]
 
Working on sequence_01021_N05. 1018 out of 1211
Finding solution ...
Solution found.
[[-36.681446     2.0172732 ]
 [-57.954697    -0.65347797]
 [ -1.6698234  -13.033073  ]
 [ 28.693594   -19.51561   ]
 [ 55.69173     34.536503  ]]
 
Working on sequence_01022_N03. 1019 out of 1211
Finding solution ...
Solution found.
[[-44.021652  47.866444]
 [ 40.679962  34.82055 ]
 [ 47.604454 -41.927544]]
 
Working on sequence_01024_N03. 1021 out of 1211
Finding solution ...
Solution found.
[[-16.47853  -16.53771 ]
 [ 11.416353  12.796504]
 [ 20.669785  19.87691 ]]
 
Working on sequence_01025_N04. 1022 out of 1211
Finding solution ...
Solution found.
[[-68.09216   -17.750702 ]
 [ 63.214752  -15.861812 ]
 [ 39.01834   -27.574242 ]
 [  6.3693676  39.457527 ]]
 
Working on sequence_01058_N03. 1055 out of 1211
Finding solution ...
Solution found.
[[-26.309155     0.58302665]
 [ -3.320207    33.390045  ]
 [ 35.647568   -36.60354   ]]
 
Working on sequence_00003_N05/SEQ1. 1082 out of 1211
Finding solution ...
Solution found.
[[ 27.999205    29.15519   ]
 [ 48.954975   -21.181175  ]
 [-61.811157    -0.43701443]
 [ -2.0724351  -56.77525   ]]
 
Working on sequence_00006_N06/SEQ1. 1083 out of 1211
Finding solution ...
Solution found.
[[ 31.92704  -14.075367]
 [-13.856595  33.254536]
 [-37.369038 -37.690426]]
 
Working on sequence_00031_N07/SEQ2. 1085 out of 1211
Finding solution ...
Solution found.
[[ 46.72176    15.977736 ]
 [  2.8314445  -6.5179677]
 [-30.020123  -23.957644 ]
 [-53.487415   30.032747 ]]
 
Working on sequence_00040_N12/SEQ1. 1087 out of 1211
Finding solution ...
Solution found.
[[-76.19933    22.322388 ]
 [-52.515656   -8.851451 ]
 [ 50.909966   46.042038 ]
 [ 30.565279   76.40194  ]
 [  2.021459   76.5919   ]
 [-31.96736    89.31728  ]
 [-14.243545  -55.41119  ]
 [  3.4078062 -95.792305 ]
 [ 55.32503   -71.22603  ]
 [-26.321901  -38.478035 ]]
 
Working on sequence_00043_N05/SEQ1. 1089 out of 1211
Finding solution ...
Solution found.
[[-21.038849  24.501383]
 [ 59.06803   65.69247 ]
 [-22.911146 -24.15879 ]
 [ 20.814074 -62.416893]]
 
Working on sequence_00054_N08/SEQ2. 1090 out of 1211
Finding solution ...
Solution found.
[[ 42.605316  24.411915]
 [  9.582981  27.603075]
 [ 34.147804 -24.684727]
 [-34.726555 -26.561699]]
 
Working on sequence_00055_N08/SEQ1. 1091 out of 1211
Finding solution ...
Solution found.
[[-17.607801 -42.825443]
 [ 29.260403  48.297657]
 [-56.7935   -35.337322]
 [ 46.98962  -44.982117]
 [ 50.02217  -31.092772]
 [ 31.176838  33.04163 ]]
 
Working on sequence_00103_N04/SEQ1. 1094 out of 1211
Finding solution ...
Solution found.
[[ 19.22254   20.398785]
 [-21.554737 -28.877144]
 [-13.550122  33.833958]]
 
Working on sequence_00109_N08/SEQ1. 1096 out of 1211
Finding solution ...
Solution found.
[[ 47.56295    -6.3077054]
 [-28.213446   76.68165  ]
 [-37.486126   51.361103 ]
 [ 17.659014   -8.839452 ]
 [ 13.336727  -78.94862  ]
 [ 28.51487    11.050309 ]
 [-60.154087    6.1911187]]
 
Working on sequence_00110_N08/SEQ1. 1097 out of 1211
Finding solution ...
Solution found.
[[  4.0438104  12.721521 ]
 [ -8.044949  -16.750347 ]
 [-58.115726  -53.92378  ]
 [-38.299446  -60.72701  ]
 [ 70.16361    -3.4224393]
 [ 43.217777   50.083817 ]
 [ 12.188266   56.810402 ]]
 
Working on sequence_00172_N06/SEQ1. 1100 out of 1211
Finding solution ...
Solution found.
[[ 30.634558   36.934208 ]
 [ 19.11679    -3.6761696]
 [-32.428997  -26.22114  ]
 [-24.252928  -22.97318  ]]
 
Working on sequence_00174_N06/SEQ2. 1102 out of 1211
Finding solution ...
Solution found.
[[-41.297318  67.462296]
 [-10.909727 -77.04781 ]
 [ 29.971697 -31.680286]]
 
Working on sequence_00176_N10/SEQ1. 1103 out of 1211
Finding solution ...
Solution found.
[[ 62.702213 -51.834393]
 [ 47.19061  -57.994217]
 [-34.6394    34.75531 ]
 [-40.0023    41.13603 ]]
 
Working on sequence_00176_N10/SEQ2. 1104 out of 1211
Finding solution ...
Solution found.
[[ 38.756466  38.036957]
 [ 38.135494  -5.791258]
 [ -2.165403  30.360828]
 [-33.918278 -19.640074]
 [ 32.895737 -51.681335]
 [-28.783463 -33.124924]]
 
Working on sequence_00210_N05/SEQ1. 1106 out of 1211
Finding solution ...
Solution found.
[[ 15.629412   -0.3686729]
 [ 14.240037   50.432186 ]
 [ 47.286156  -53.17577  ]
 [-34.6062     31.739882 ]]
 
Working on sequence_00212_N15/SEQ1. 1107 out of 1211
Finding solution ...
Solution found.
[[ 46.09834   -27.814766 ]
 [  3.2709491  17.828241 ]
 [ -7.5075645  38.90899  ]
 [-37.68139   -25.569952 ]]
 
Working on sequence_00212_N15/SEQ2. 1108 out of 1211
Finding solution ...
Solution found.
[[ 47.56461   33.022648]
 [ 39.958332 -42.656998]
 [-31.848747 -43.193928]
 [-38.39765  -31.134228]
 [-10.730211  35.31519 ]
 [ 32.67675   16.245092]
 [-73.25103   59.719532]
 [ 22.487015  41.18478 ]]
 
Working on sequence_00247_N05/SEQ1. 1114 out of 1211
Finding solution ...
Solution found.
[[ 25.049862  32.1845  ]
 [-29.12467  -24.154434]
 [ 33.81447  -34.3507  ]]
 
Working on sequence_00277_N06/SEQ1. 1120 out of 1211
Finding solution ...
Solution found.
[[ 34.733765 -46.34429 ]
 [ 26.636198  29.081484]
 [-34.541794  40.504646]
 [-15.064883 -20.490936]
 [-30.36354  -37.182407]]
 
Working on sequence_00278_N06/SEQ1. 1121 out of 1211
Finding solution ...
Solution found.
[[ -9.568181  47.829205]
 [ 23.224792  24.767971]
 [-29.757433 -40.646755]]
 
Working on sequence_00278_N06/SEQ2. 1122 out of 1211
Finding solution ...
Solution found.
[[-52.283688  53.61437 ]
 [ 45.035416 -43.64881 ]
 [ 19.626165 -18.201502]]
 
Working on sequence_00287_N06/SEQ1. 1124 out of 1211
Finding solution ...
Solution found.
[[-27.048399   54.32869  ]
 [ -2.8703043 -45.02125  ]
 [ 15.389257   16.621273 ]]
 
Working on sequence_00298_N06/SEQ1. 1126 out of 1211
Finding solution ...
Solution found.
[[ -7.651726   -9.2659445]
 [ 32.815327   33.405727 ]
 [-39.178314  -38.42625  ]]
 
Working on sequence_00298_N06/SEQ2. 1127 out of 1211
Finding solution ...
Solution found.
[[ 45.35526   44.89407 ]
 [-38.198406 -38.612488]
 [ 25.130295  24.843237]]
 
Working on sequence_00310_N04/SEQ1. 1132 out of 1211
Finding solution ...
Solution found.
[[ -4.4449253  49.261703 ]
 [ 25.04706   -16.355791 ]
 [-38.52767   -56.334293 ]]
 
Working on sequence_00314_N05/SEQ1. 1133 out of 1211
Finding solution ...
Solution found.
[[-29.717545  26.065756]
 [ 31.026703 -30.097494]
 [-31.416176  -9.032608]]
 
Working on sequence_00321_N08/SEQ1. 1135 out of 1211
Finding solution ...
Solution found.
[[-44.67661   41.004654]
 [ 22.694017  -9.227541]
 [-17.321363  22.146774]
 [-38.300644  40.72915 ]
 [ 40.825943 -41.40657 ]
 [ 19.42305  -20.67982 ]]
 
Working on sequence_00345_N04/SEQ1. 1137 out of 1211
Finding solution ...
Solution found.
[[ 26.16918   26.111887]
 [ 29.537882  29.544739]
 [-27.124311 -27.141203]]
 
Working on sequence_00357_N05/SEQ1. 1138 out of 1211
Finding solution ...
Solution found.
[[-36.104313  31.425411]
 [ 42.884537 -11.018256]
 [ 20.638327 -21.186394]]
 
Working on sequence_00359_N04/SEQ1. 1141 out of 1211
Finding solution ...
Solution found.
[[-12.705989  12.267453]
 [  4.353445 -31.80662 ]
 [ 23.178707  38.17546 ]]
 
Working on sequence_00364_N06/SEQ2. 1143 out of 1211
Finding solution ...
Solution found.
[[-14.147641 -31.0487  ]
 [ 32.98844   14.590405]
 [-37.808605  38.04266 ]]
 
Working on sequence_00375_N08/SEQ1. 1145 out of 1211
Finding solution ...
Solution found.
[[ 40.25417   -44.71542  ]
 [-49.683014    2.8061788]
 [ 12.627855   18.098679 ]
 [-30.811289  -46.573345 ]
 [  7.1217833  66.11837  ]]
 
Working on sequence_00375_N08/SEQ2. 1146 out of 1211
Finding solution ...
Solution found.
[[ 26.87175   26.751438]
 [-27.402708 -27.529083]
 [ 29.593159  29.546118]]
 
Working on sequence_00382_N07/SEQ2. 1150 out of 1211
Finding solution ...
Solution found.
[[ 86.257744 -24.934761]
 [-29.521475  37.206303]
 [-39.048817 -45.324295]
 [ 52.745373  37.117287]]
 
Working on sequence_00415_N04/SEQ1. 1154 out of 1211
Finding solution ...
Solution found.
[[  0.34571204  29.477018  ]
 [ 33.2274     -33.38214   ]
 [-25.780998    -1.2065833 ]]
 
Working on sequence_00420_N12/SEQ1. 1155 out of 1211
Finding solution ...
Solution found.
[[-35.9864    -24.556158 ]
 [  1.3189968 -28.31496  ]
 [ 34.90244    15.494322 ]
 [ -0.6863643  32.141937 ]
 [ 32.754772   45.43102  ]
 [-36.20134    50.605843 ]
 [-16.92823   -35.083763 ]]
 
Working on sequence_00420_N12/SEQ2. 1156 out of 1211
Finding solution ...
Solution found.
[[ -7.23844     28.37737   ]
 [ 33.187897   -10.95157   ]
 [-43.93983    -41.670162  ]
 [ 41.764507     0.39342305]]
 
Working on sequence_00430_N04/SEQ1. 1157 out of 1211
Finding solution ...
Solution found.
[[  6.1352954  22.116194 ]
 [-24.92444   -24.99718  ]
 [ 21.305475    5.7304177]]
 
Working on sequence_00444_N04/SEQ1. 1160 out of 1211
Finding solution ...
Solution found.
[[-21.726404 -32.1037  ]
 [ -2.363181  28.844011]
 [ 14.490727  -9.035706]]
 
Working on sequence_00477_N04/SEQ1. 1164 out of 1211
Finding solution ...
Solution found.
[[ 33.31579   32.600388]
 [ 18.531515  18.546335]
 [-27.789427 -28.270315]]
 
Working on sequence_00500_N07/SEQ1. 1165 out of 1211
Finding solution ...
Solution found.
[[ 42.256317  46.648968]
 [-45.79687  -44.480865]
 [-32.04371   43.197388]]
 
Working on sequence_00502_N09/SEQ3. 1169 out of 1211
Finding solution ...
Solution found.
[[ 24.784845  37.071033]
 [ 42.462906 -41.187244]
 [-37.170925 -23.892948]]
 
Working on sequence_00532_N06/SEQ1. 1175 out of 1211
Finding solution ...
Solution found.
[[-18.38695  -18.261936]
 [ 40.25504   40.799805]
 [-47.003277 -46.371456]]
 
Working on sequence_00574_N05/SEQ1. 1183 out of 1211
Finding solution ...
Solution found.
[[ 49.564922  -8.45089 ]
 [ 17.723555   8.916797]
 [-30.950014  14.674047]
 [-27.212294 -15.162762]]
 
Working on sequence_00576_N05/SEQ1. 1184 out of 1211
Finding solution ...
Solution found.
[[ 18.561722  18.729057]
 [-18.529207 -19.002895]
 [ 21.464722  20.493587]]
 
Working on sequence_00719_N05/SEQ1. 1185 out of 1211
Finding solution ...
Solution found.
[[-11.778022    14.296361  ]
 [ 39.803352    -0.74724436]
 [-44.843304   -26.198309  ]]
 
Working on sequence_00821_N05/SEQ2. 1189 out of 1211
Finding solution ...
Solution found.
[[-27.274038 -27.387365]
 [ 28.205803  28.261297]
 [-26.835943 -26.693844]]
 
Working on sequence_00873_N05/SEQ2. 1193 out of 1211
Finding solution ...
Solution found.
[[-18.817944 -27.703293]
 [-38.072834  34.211697]
 [ 34.177097  18.030052]]
 
Working on sequence_00909_N08/SEQ1. 1196 out of 1211
Finding solution ...
Solution found.
[[  8.577859  47.20267 ]
 [-27.29295  -16.846373]
 [ 40.422333 -53.7533  ]]
 
Working on sequence_00928_N05/SEQ2. 1198 out of 1211
Finding solution ...
Solution found.
[[-13.823269  22.039757]
 [-34.065033 -26.617865]
 [ 30.992113 -10.597002]]
 
Working on sequence_00979_N05/SEQ1. 1202 out of 1211
Finding solution ...
Solution found.
[[ 41.609985    4.2906556]
 [-47.46581   -26.753641 ]
 [ -9.748105   12.752061 ]]
 
Working on sequence_00989_N04/SEQ1. 1203 out of 1211
Finding solution ...
Solution found.
[[ 28.687323 -31.677696]
 [ 29.41121   35.00834 ]
 [-28.474722  29.0655  ]]
 
Working on sequence_00997_N08/SEQ1. 1205 out of 1211
Finding solution ...
Solution found.
[[ 31.213642  48.89095 ]
 [-18.757776  16.263887]
 [  7.06087  -41.3011  ]]
 
Working on sequence_01003_N04/SEQ1. 1207 out of 1211
Finding solution ...
Solution found.
[[-35.693893 -35.366585]
 [ 32.394947  32.621056]
 [-21.131634 -20.767254]]
 
Working on sequence_01025_N04/SEQ1. 1211 out of 1211
Finding solution ...
Solution found.
[[ 33.336994    1.9125034]
 [ -3.254024  -29.029737 ]
 [-37.770493   37.0593   ]]

